<?xml version="1.0" ?>
<!DOCTYPE coverage SYSTEM "http://cobertura.sourceforge.net/xml/coverage-04.dtd">
<coverage lines-valid="643"  lines-covered="472"  line-rate="0.7341"  branches-valid="226"  branches-covered="146"  branch-rate="0.6459999999999999"  timestamp="1469708828905" complexity="0" version="0.1">
<sources>
	<source>/Users/tommy/alexa-plex</source>
</sources>
<packages>
	<package name="alexa-plex"  line-rate="1"  branch-rate="0.75" >
	<classes>
		<class name="index.js"  filename="index.js"  line-rate="1"  branch-rate="0.75" >
		<methods>
			<method name="(anonymous_1)"  hits="44"  signature="()V" >
				<lines><line number="12"  hits="44" /></lines>
			</method>
		</methods>
		<lines>
			<line number="4"  hits="1"  branch="false" />
			<line number="5"  hits="1"  branch="false" />
			<line number="12"  hits="1"  branch="false" />
			<line number="13"  hits="44"  branch="false" />
			<line number="14"  hits="44"  branch="false" />
			<line number="15"  hits="44"  branch="true"  condition-coverage="100% (2/2)" />
			<line number="16"  hits="43"  branch="true"  condition-coverage="50% (1/2)" />
			<line number="17"  hits="43"  branch="false" />
			<line number="21"  hits="44"  branch="false" />
			<line number="22"  hits="44"  branch="false" />
		</lines>
		</class>
	</classes>
	</package>
	<package name="alexa-plex.lib"  line-rate="0.7522"  branch-rate="0.6374" >
	<classes>
		<class name="app.js"  filename="lib/app.js"  line-rate="0.9167000000000001"  branch-rate="1" >
		<methods>
			<method name="(anonymous_1)"  hits="44"  signature="()V" >
				<lines><line number="17"  hits="44" /></lines>
			</method>
			<method name="(anonymous_2)"  hits="44"  signature="()V" >
				<lines><line number="42"  hits="44" /></lines>
			</method>
			<method name="(anonymous_3)"  hits="44"  signature="()V" >
				<lines><line number="44"  hits="44" /></lines>
			</method>
			<method name="(anonymous_4)"  hits="44"  signature="()V" >
				<lines><line number="53"  hits="44" /></lines>
			</method>
			<method name="(anonymous_5)"  hits="0"  signature="()V" >
				<lines><line number="59"  hits="0" /></lines>
			</method>
		</methods>
		<lines>
			<line number="6"  hits="1"  branch="false" />
			<line number="7"  hits="1"  branch="false" />
			<line number="9"  hits="1"  branch="false" />
			<line number="10"  hits="1"  branch="false" />
			<line number="17"  hits="1"  branch="false" />
			<line number="18"  hits="44"  branch="false" />
			<line number="21"  hits="44"  branch="false" />
			<line number="23"  hits="44"  branch="false" />
			<line number="26"  hits="44"  branch="false" />
			<line number="32"  hits="44"  branch="false" />
			<line number="39"  hits="44"  branch="false" />
			<line number="42"  hits="1"  branch="false" />
			<line number="43"  hits="44"  branch="false" />
			<line number="44"  hits="44"  branch="false" />
			<line number="45"  hits="44"  branch="false" />
			<line number="46"  hits="44"  branch="false" />
			<line number="48"  hits="44"  branch="true"  condition-coverage="100% (2/2)" />
			<line number="49"  hits="1"  branch="false" />
			<line number="51"  hits="43"  branch="false" />
			<line number="57"  hits="44"  branch="false" />
			<line number="58"  hits="44"  branch="false" />
			<line number="60"  hits="0"  branch="false" />
			<line number="61"  hits="0"  branch="false" />
			<line number="65"  hits="1"  branch="false" />
		</lines>
		</class>
		<class name="db.js"  filename="lib/db.js"  line-rate="0.29469999999999996"  branch-rate="0.175" >
		<methods>
			<method name="initializeUserRecord"  hits="44"  signature="()V" >
				<lines><line number="10"  hits="44" /></lines>
			</method>
			<method name="(anonymous_2)"  hits="44"  signature="()V" >
				<lines><line number="19"  hits="44" /></lines>
			</method>
			<method name="(anonymous_3)"  hits="1"  signature="()V" >
				<lines><line number="30"  hits="1" /></lines>
			</method>
			<method name="updatePin"  hits="0"  signature="()V" >
				<lines><line number="46"  hits="0" /></lines>
			</method>
			<method name="(anonymous_5)"  hits="0"  signature="()V" >
				<lines><line number="65"  hits="0" /></lines>
			</method>
			<method name="updateAuthToken"  hits="0"  signature="()V" >
				<lines><line number="81"  hits="0" /></lines>
			</method>
			<method name="(anonymous_7)"  hits="0"  signature="()V" >
				<lines><line number="100"  hits="0" /></lines>
			</method>
			<method name="updateUserServer"  hits="0"  signature="()V" >
				<lines><line number="115"  hits="0" /></lines>
			</method>
			<method name="(anonymous_9)"  hits="0"  signature="()V" >
				<lines><line number="134"  hits="0" /></lines>
			</method>
			<method name="updateUserPlayer"  hits="0"  signature="()V" >
				<lines><line number="149"  hits="0" /></lines>
			</method>
			<method name="(anonymous_11)"  hits="0"  signature="()V" >
				<lines><line number="168"  hits="0" /></lines>
			</method>
			<method name="updateUserLibraries"  hits="0"  signature="()V" >
				<lines><line number="183"  hits="0" /></lines>
			</method>
			<method name="(anonymous_13)"  hits="0"  signature="()V" >
				<lines><line number="202"  hits="0" /></lines>
			</method>
		</methods>
		<lines>
			<line number="1"  hits="1"  branch="false" />
			<line number="2"  hits="1"  branch="false" />
			<line number="3"  hits="1"  branch="false" />
			<line number="8"  hits="1"  branch="false" />
			<line number="10"  hits="1"  branch="false" />
			<line number="11"  hits="44"  branch="false" />
			<line number="12"  hits="44"  branch="false" />
			<line number="14"  hits="44"  branch="false" />
			<line number="19"  hits="44"  branch="false" />
			<line number="20"  hits="44"  branch="true"  condition-coverage="50% (1/2)" />
			<line number="21"  hits="0"  branch="false" />
			<line number="24"  hits="44"  branch="true"  condition-coverage="100% (2/2)" />
			<line number="26"  hits="1"  branch="false" />
			<line number="30"  hits="1"  branch="false" />
			<line number="31"  hits="1"  branch="true"  condition-coverage="50% (1/2)" />
			<line number="32"  hits="0"  branch="false" />
			<line number="35"  hits="1"  branch="false" />
			<line number="40"  hits="43"  branch="false" />
			<line number="43"  hits="44"  branch="false" />
			<line number="46"  hits="1"  branch="false" />
			<line number="47"  hits="0"  branch="false" />
			<line number="48"  hits="0"  branch="false" />
			<line number="50"  hits="0"  branch="false" />
			<line number="51"  hits="0"  branch="true"  condition-coverage="0% (0/2)" />
			<line number="52"  hits="0"  branch="false" />
			<line number="55"  hits="0"  branch="false" />
			<line number="65"  hits="0"  branch="false" />
			<line number="66"  hits="0"  branch="true"  condition-coverage="0% (0/2)" />
			<line number="67"  hits="0"  branch="false" />
			<line number="70"  hits="0"  branch="true"  condition-coverage="0% (0/2)" />
			<line number="71"  hits="0"  branch="false" />
			<line number="74"  hits="0"  branch="false" />
			<line number="77"  hits="0"  branch="false" />
			<line number="81"  hits="1"  branch="false" />
			<line number="82"  hits="0"  branch="false" />
			<line number="83"  hits="0"  branch="false" />
			<line number="85"  hits="0"  branch="false" />
			<line number="86"  hits="0"  branch="true"  condition-coverage="0% (0/2)" />
			<line number="87"  hits="0"  branch="false" />
			<line number="90"  hits="0"  branch="false" />
			<line number="100"  hits="0"  branch="false" />
			<line number="101"  hits="0"  branch="true"  condition-coverage="0% (0/2)" />
			<line number="102"  hits="0"  branch="false" />
			<line number="105"  hits="0"  branch="true"  condition-coverage="0% (0/2)" />
			<line number="106"  hits="0"  branch="false" />
			<line number="109"  hits="0"  branch="false" />
			<line number="112"  hits="0"  branch="false" />
			<line number="115"  hits="1"  branch="false" />
			<line number="116"  hits="0"  branch="false" />
			<line number="117"  hits="0"  branch="false" />
			<line number="119"  hits="0"  branch="false" />
			<line number="120"  hits="0"  branch="true"  condition-coverage="0% (0/2)" />
			<line number="121"  hits="0"  branch="false" />
			<line number="124"  hits="0"  branch="false" />
			<line number="134"  hits="0"  branch="false" />
			<line number="135"  hits="0"  branch="true"  condition-coverage="0% (0/2)" />
			<line number="136"  hits="0"  branch="false" />
			<line number="139"  hits="0"  branch="true"  condition-coverage="0% (0/2)" />
			<line number="140"  hits="0"  branch="false" />
			<line number="143"  hits="0"  branch="false" />
			<line number="146"  hits="0"  branch="false" />
			<line number="149"  hits="1"  branch="false" />
			<line number="150"  hits="0"  branch="false" />
			<line number="151"  hits="0"  branch="false" />
			<line number="153"  hits="0"  branch="false" />
			<line number="154"  hits="0"  branch="true"  condition-coverage="0% (0/2)" />
			<line number="155"  hits="0"  branch="false" />
			<line number="158"  hits="0"  branch="false" />
			<line number="168"  hits="0"  branch="false" />
			<line number="169"  hits="0"  branch="true"  condition-coverage="0% (0/2)" />
			<line number="170"  hits="0"  branch="false" />
			<line number="173"  hits="0"  branch="true"  condition-coverage="0% (0/2)" />
			<line number="174"  hits="0"  branch="false" />
			<line number="177"  hits="0"  branch="false" />
			<line number="180"  hits="0"  branch="false" />
			<line number="183"  hits="1"  branch="false" />
			<line number="184"  hits="0"  branch="false" />
			<line number="185"  hits="0"  branch="false" />
			<line number="187"  hits="0"  branch="false" />
			<line number="188"  hits="0"  branch="true"  condition-coverage="0% (0/2)" />
			<line number="189"  hits="0"  branch="false" />
			<line number="192"  hits="0"  branch="false" />
			<line number="202"  hits="0"  branch="false" />
			<line number="203"  hits="0"  branch="true"  condition-coverage="0% (0/2)" />
			<line number="204"  hits="0"  branch="false" />
			<line number="207"  hits="0"  branch="true"  condition-coverage="0% (0/2)" />
			<line number="208"  hits="0"  branch="false" />
			<line number="211"  hits="0"  branch="false" />
			<line number="214"  hits="0"  branch="false" />
			<line number="217"  hits="1"  branch="false" />
			<line number="218"  hits="1"  branch="false" />
			<line number="219"  hits="1"  branch="false" />
			<line number="220"  hits="1"  branch="false" />
			<line number="221"  hits="1"  branch="false" />
			<line number="222"  hits="1"  branch="false" />
		</lines>
		</class>
		<class name="plex.js"  filename="lib/plex.js"  line-rate="0.7879"  branch-rate="0.4" >
		<methods>
			<method name="(anonymous_1)"  hits="44"  signature="()V" >
				<lines><line number="29"  hits="44" /></lines>
			</method>
			<method name="(anonymous_2)"  hits="53"  signature="()V" >
				<lines><line number="63"  hits="53" /></lines>
			</method>
			<method name="(anonymous_3)"  hits="0"  signature="()V" >
				<lines><line number="79"  hits="0" /></lines>
			</method>
			<method name="(anonymous_4)"  hits="44"  signature="()V" >
				<lines><line number="94"  hits="44" /></lines>
			</method>
			<method name="(anonymous_5)"  hits="31"  signature="()V" >
				<lines><line number="111"  hits="31" /></lines>
			</method>
			<method name="(anonymous_6)"  hits="0"  signature="()V" >
				<lines><line number="133"  hits="0" /></lines>
			</method>
		</methods>
		<lines>
			<line number="6"  hits="1"  branch="false" />
			<line number="7"  hits="1"  branch="false" />
			<line number="9"  hits="1"  branch="false" />
			<line number="16"  hits="1"  branch="false" />
			<line number="29"  hits="1"  branch="false" />
			<line number="30"  hits="44"  branch="false" />
			<line number="37"  hits="44"  branch="false" />
			<line number="43"  hits="44"  branch="false" />
			<line number="49"  hits="44"  branch="false" />
			<line number="54"  hits="44"  branch="false" />
			<line number="55"  hits="44"  branch="false" />
			<line number="62"  hits="44"  branch="false" />
			<line number="64"  hits="53"  branch="true"  condition-coverage="100% (2/2)" />
			<line number="65"  hits="31"  branch="true"  condition-coverage="50% (1/2)" />
			<line number="66"  hits="0"  branch="false" />
			<line number="69"  hits="53"  branch="false" />
			<line number="78"  hits="44"  branch="false" />
			<line number="80"  hits="0"  branch="true"  condition-coverage="0% (0/2)" />
			<line number="81"  hits="0"  branch="true"  condition-coverage="0% (0/2)" />
			<line number="82"  hits="0"  branch="false" />
			<line number="85"  hits="0"  branch="false" />
			<line number="94"  hits="1"  branch="false" />
			<line number="95"  hits="44"  branch="false" />
			<line number="103"  hits="44"  branch="false" />
			<line number="111"  hits="1"  branch="false" />
			<line number="112"  hits="31"  branch="false" />
			<line number="114"  hits="31"  branch="true"  condition-coverage="50% (1/2)" />
			<line number="115"  hits="0"  branch="false" />
			<line number="118"  hits="31"  branch="false" />
			<line number="126"  hits="31"  branch="false" />
			<line number="133"  hits="1"  branch="false" />
			<line number="134"  hits="0"  branch="false" />
			<line number="137"  hits="1"  branch="false" />
		</lines>
		</class>
		<class name="plexutils.js"  filename="lib/plexutils.js"  line-rate="0.8817"  branch-rate="0.8590000000000001" >
		<methods>
			<method name="query"  hits="37"  signature="()V" >
				<lines><line number="6"  hits="37" /></lines>
			</method>
			<method name="(anonymous_2)"  hits="32"  signature="()V" >
				<lines><line number="8"  hits="32" /></lines>
			</method>
			<method name="postQuery"  hits="0"  signature="()V" >
				<lines><line number="14"  hits="0" /></lines>
			</method>
			<method name="(anonymous_4)"  hits="0"  signature="()V" >
				<lines><line number="16"  hits="0" /></lines>
			</method>
			<method name="perform"  hits="16"  signature="()V" >
				<lines><line number="22"  hits="16" /></lines>
			</method>
			<method name="(anonymous_6)"  hits="14"  signature="()V" >
				<lines><line number="24"  hits="14" /></lines>
			</method>
			<method name="find"  hits="0"  signature="()V" >
				<lines><line number="30"  hits="0" /></lines>
			</method>
			<method name="(anonymous_8)"  hits="0"  signature="()V" >
				<lines><line number="32"  hits="0" /></lines>
			</method>
			<method name="(anonymous_9)"  hits="0"  signature="()V" >
				<lines><line number="42"  hits="0" /></lines>
			</method>
			<method name="(anonymous_10)"  hits="0"  signature="()V" >
				<lines><line number="43"  hits="0" /></lines>
			</method>
			<method name="(anonymous_11)"  hits="0"  signature="()V" >
				<lines><line number="44"  hits="0" /></lines>
			</method>
			<method name="(anonymous_12)"  hits="0"  signature="()V" >
				<lines><line number="55"  hits="0" /></lines>
			</method>
			<method name="(anonymous_13)"  hits="0"  signature="()V" >
				<lines><line number="56"  hits="0" /></lines>
			</method>
			<method name="(anonymous_14)"  hits="0"  signature="()V" >
				<lines><line number="57"  hits="0" /></lines>
			</method>
			<method name="(anonymous_15)"  hits="3"  signature="()V" >
				<lines><line number="70"  hits="3" /></lines>
			</method>
			<method name="(anonymous_16)"  hits="0"  signature="()V" >
				<lines><line number="86"  hits="0" /></lines>
			</method>
			<method name="(anonymous_17)"  hits="21"  signature="()V" >
				<lines><line number="90"  hits="21" /></lines>
			</method>
			<method name="(anonymous_18)"  hits="17"  signature="()V" >
				<lines><line number="108"  hits="17" /></lines>
			</method>
			<method name="(anonymous_19)"  hits="13"  signature="()V" >
				<lines><line number="120"  hits="13" /></lines>
			</method>
			<method name="(anonymous_20)"  hits="85"  signature="()V" >
				<lines><line number="135"  hits="85" /></lines>
			</method>
			<method name="(anonymous_21)"  hits="35"  signature="()V" >
				<lines><line number="140"  hits="35" /></lines>
			</method>
			<method name="(anonymous_22)"  hits="4"  signature="()V" >
				<lines><line number="213"  hits="4" /></lines>
			</method>
			<method name="(anonymous_23)"  hits="21"  signature="()V" >
				<lines><line number="223"  hits="21" /></lines>
			</method>
			<method name="(anonymous_24)"  hits="13"  signature="()V" >
				<lines><line number="227"  hits="13" /></lines>
			</method>
			<method name="(anonymous_25)"  hits="16"  signature="()V" >
				<lines><line number="234"  hits="16" /></lines>
			</method>
			<method name="(anonymous_26)"  hits="16"  signature="()V" >
				<lines><line number="254"  hits="16" /></lines>
			</method>
			<method name="(anonymous_27)"  hits="16"  signature="()V" >
				<lines><line number="258"  hits="16" /></lines>
			</method>
			<method name="(anonymous_28)"  hits="8"  signature="()V" >
				<lines><line number="262"  hits="8" /></lines>
			</method>
			<method name="(anonymous_29)"  hits="136"  signature="()V" >
				<lines><line number="263"  hits="136" /></lines>
			</method>
			<method name="(anonymous_30)"  hits="2"  signature="()V" >
				<lines><line number="268"  hits="2" /></lines>
			</method>
			<method name="(anonymous_31)"  hits="106"  signature="()V" >
				<lines><line number="269"  hits="106" /></lines>
			</method>
			<method name="(anonymous_32)"  hits="34"  signature="()V" >
				<lines><line number="281"  hits="34" /></lines>
			</method>
			<method name="(anonymous_33)"  hits="4"  signature="()V" >
				<lines><line number="288"  hits="4" /></lines>
			</method>
			<method name="(anonymous_34)"  hits="53"  signature="()V" >
				<lines><line number="294"  hits="53" /></lines>
			</method>
			<method name="(anonymous_35)"  hits="4"  signature="()V" >
				<lines><line number="301"  hits="4" /></lines>
			</method>
			<method name="(anonymous_36)"  hits="6"  signature="()V" >
				<lines><line number="310"  hits="6" /></lines>
			</method>
			<method name="(anonymous_37)"  hits="2"  signature="()V" >
				<lines><line number="337"  hits="2" /></lines>
			</method>
			<method name="(anonymous_38)"  hits="17"  signature="()V" >
				<lines><line number="351"  hits="17" /></lines>
			</method>
			<method name="(anonymous_39)"  hits="238"  signature="()V" >
				<lines><line number="352"  hits="238" /></lines>
			</method>
		</methods>
		<lines>
			<line number="1"  hits="1"  branch="false" />
			<line number="2"  hits="1"  branch="false" />
			<line number="3"  hits="1"  branch="false" />
			<line number="6"  hits="1"  branch="false" />
			<line number="7"  hits="37"  branch="false" />
			<line number="8"  hits="37"  branch="false" />
			<line number="9"  hits="32"  branch="false" />
			<line number="10"  hits="32"  branch="false" />
			<line number="14"  hits="1"  branch="false" />
			<line number="15"  hits="0"  branch="false" />
			<line number="16"  hits="0"  branch="false" />
			<line number="17"  hits="0"  branch="false" />
			<line number="18"  hits="0"  branch="false" />
			<line number="22"  hits="1"  branch="false" />
			<line number="23"  hits="16"  branch="false" />
			<line number="24"  hits="16"  branch="false" />
			<line number="25"  hits="14"  branch="false" />
			<line number="26"  hits="14"  branch="false" />
			<line number="30"  hits="1"  branch="false" />
			<line number="31"  hits="0"  branch="false" />
			<line number="32"  hits="0"  branch="false" />
			<line number="33"  hits="0"  branch="false" />
			<line number="34"  hits="0"  branch="false" />
			<line number="42"  hits="1"  branch="false" />
			<line number="43"  hits="0"  branch="false" />
			<line number="44"  hits="0"  branch="false" />
			<line number="45"  hits="0"  branch="true"  condition-coverage="0% (0/2)" />
			<line number="55"  hits="1"  branch="false" />
			<line number="56"  hits="0"  branch="false" />
			<line number="57"  hits="0"  branch="false" />
			<line number="58"  hits="0"  branch="true"  condition-coverage="0% (0/2)" />
			<line number="70"  hits="1"  branch="false" />
			<line number="71"  hits="3"  branch="true"  condition-coverage="50% (1/2)" />
			<line number="72"  hits="3"  branch="false" />
			<line number="74"  hits="0"  branch="false" />
			<line number="86"  hits="1"  branch="false" />
			<line number="87"  hits="0"  branch="false" />
			<line number="90"  hits="1"  branch="false" />
			<line number="91"  hits="21"  branch="true"  condition-coverage="50% (1/2)" />
			<line number="92"  hits="0"  branch="false" />
			<line number="94"  hits="21"  branch="true"  condition-coverage="50% (1/2)" />
			<line number="95"  hits="0"  branch="false" />
			<line number="98"  hits="21"  branch="false" />
			<line number="99"  hits="21"  branch="false" />
			<line number="100"  hits="21"  branch="true"  condition-coverage="100% (2/2)" />
			<line number="101"  hits="21"  branch="true"  condition-coverage="100% (2/2)" />
			<line number="102"  hits="21"  branch="true"  condition-coverage="100% (2/2)" />
			<line number="103"  hits="21"  branch="true"  condition-coverage="100% (2/2)" />
			<line number="105"  hits="21"  branch="false" />
			<line number="106"  hits="21"  branch="false" />
			<line number="108"  hits="21"  branch="false" />
			<line number="109"  hits="17"  branch="false" />
			<line number="110"  hits="17"  branch="false" />
			<line number="111"  hits="17"  branch="false" />
			<line number="113"  hits="17"  branch="true"  condition-coverage="100% (2/2)" />
			<line number="115"  hits="4"  branch="false" />
			<line number="116"  hits="4"  branch="false" />
			<line number="117"  hits="4"  branch="false" />
			<line number="120"  hits="13"  branch="false" />
			<line number="121"  hits="13"  branch="false" />
			<line number="122"  hits="13"  branch="false" />
			<line number="124"  hits="13"  branch="true"  condition-coverage="100% (4/4)" />
			<line number="127"  hits="5"  branch="true"  condition-coverage="100% (4/4)" />
			<line number="129"  hits="1"  branch="false" />
			<line number="130"  hits="1"  branch="false" />
			<line number="131"  hits="4"  branch="true"  condition-coverage="100% (2/2)" />
			<line number="132"  hits="1"  branch="false" />
			<line number="135"  hits="85"  branch="false" />
			<line number="136"  hits="5"  branch="true"  condition-coverage="100% (2/2)" />
			<line number="137"  hits="1"  branch="false" />
			<line number="138"  hits="1"  branch="false" />
			<line number="140"  hits="35"  branch="false" />
			<line number="142"  hits="4"  branch="true"  condition-coverage="100% (2/2)" />
			<line number="143"  hits="1"  branch="false" />
			<line number="144"  hits="1"  branch="false" />
			<line number="146"  hits="3"  branch="false" />
			<line number="148"  hits="8"  branch="true"  condition-coverage="100% (2/2)" />
			<line number="149"  hits="6"  branch="false" />
			<line number="151"  hits="6"  branch="true"  condition-coverage="100% (2/2)" />
			<line number="152"  hits="4"  branch="true"  condition-coverage="100% (2/2)" />
			<line number="153"  hits="1"  branch="false" />
			<line number="154"  hits="1"  branch="false" />
			<line number="156"  hits="3"  branch="false" />
			<line number="162"  hits="11"  branch="true"  condition-coverage="100% (2/2)" />
			<line number="164"  hits="4"  branch="false" />
			<line number="166"  hits="4"  branch="true"  condition-coverage="100% (2/2)" />
			<line number="169"  hits="1"  branch="false" />
			<line number="170"  hits="1"  branch="false" />
			<line number="171"  hits="1"  branch="false" />
			<line number="182"  hits="1"  branch="false" />
			<line number="183"  hits="1"  branch="false" />
			<line number="186"  hits="3"  branch="false" />
			<line number="187"  hits="3"  branch="false" />
			<line number="190"  hits="10"  branch="false" />
			<line number="192"  hits="10"  branch="true"  condition-coverage="100% (2/2)" />
			<line number="193"  hits="9"  branch="false" />
			<line number="194"  hits="9"  branch="false" />
			<line number="200"  hits="1"  branch="false" />
			<line number="201"  hits="1"  branch="false" />
			<line number="209"  hits="1"  branch="false" />
			<line number="210"  hits="1"  branch="false" />
			<line number="214"  hits="4"  branch="false" />
			<line number="223"  hits="1"  branch="false" />
			<line number="224"  hits="21"  branch="false" />
			<line number="227"  hits="1"  branch="false" />
			<line number="228"  hits="13"  branch="true"  condition-coverage="50% (1/2)" />
			<line number="229"  hits="13"  branch="false" />
			<line number="231"  hits="13"  branch="false" />
			<line number="234"  hits="1"  branch="false" />
			<line number="235"  hits="16"  branch="false" />
			<line number="236"  hits="16"  branch="true"  condition-coverage="100% (2/2)" />
			<line number="238"  hits="16"  branch="false" />
			<line number="239"  hits="16"  branch="false" />
			<line number="240"  hits="16"  branch="false" />
			<line number="242"  hits="16"  branch="false" />
			<line number="251"  hits="16"  branch="false" />
			<line number="254"  hits="1"  branch="false" />
			<line number="255"  hits="16"  branch="false" />
			<line number="258"  hits="1"  branch="false" />
			<line number="259"  hits="16"  branch="false" />
			<line number="262"  hits="1"  branch="false" />
			<line number="263"  hits="8"  branch="false" />
			<line number="264"  hits="136"  branch="false" />
			<line number="268"  hits="1"  branch="false" />
			<line number="269"  hits="2"  branch="false" />
			<line number="270"  hits="106"  branch="true"  condition-coverage="100% (4/4)" />
			<line number="271"  hits="72"  branch="false" />
			<line number="272"  hits="34"  branch="true"  condition-coverage="100% (2/2)" />
			<line number="273"  hits="24"  branch="false" />
			<line number="275"  hits="10"  branch="true"  condition-coverage="100% (2/2)" />
			<line number="276"  hits="4"  branch="false" />
			<line number="278"  hits="6"  branch="false" />
			<line number="281"  hits="2"  branch="false" />
			<line number="282"  hits="34"  branch="false" />
			<line number="285"  hits="2"  branch="false" />
			<line number="288"  hits="1"  branch="false" />
			<line number="289"  hits="4"  branch="false" />
			<line number="290"  hits="4"  branch="true"  condition-coverage="100% (2/2)" />
			<line number="291"  hits="1"  branch="false" />
			<line number="294"  hits="4"  branch="false" />
			<line number="295"  hits="53"  branch="false" />
			<line number="298"  hits="4"  branch="false" />
			<line number="301"  hits="1"  branch="false" />
			<line number="302"  hits="4"  branch="false" />
			<line number="303"  hits="4"  branch="true"  condition-coverage="100% (2/2)" />
			<line number="304"  hits="1"  branch="false" />
			<line number="307"  hits="4"  branch="false" />
			<line number="310"  hits="1"  branch="false" />
			<line number="311"  hits="6"  branch="false" />
			<line number="313"  hits="6"  branch="false" />
			<line number="314"  hits="102"  branch="true"  condition-coverage="100% (2/2)" />
			<line number="315"  hits="42"  branch="false" />
			<line number="318"  hits="60"  branch="true"  condition-coverage="100% (2/2)" />
			<line number="319"  hits="4"  branch="false" />
			<line number="320"  hits="56"  branch="true"  condition-coverage="100% (6/6)" />
			<line number="325"  hits="14"  branch="false" />
			<line number="329"  hits="6"  branch="false" />
			<line number="337"  hits="1"  branch="false" />
			<line number="338"  hits="2"  branch="false" />
			<line number="340"  hits="2"  branch="true"  condition-coverage="100% (2/2)" />
			<line number="341"  hits="6"  branch="true"  condition-coverage="50% (1/2)" />
			<line number="342"  hits="6"  branch="false" />
			<line number="343"  hits="0"  branch="true"  condition-coverage="0% (0/2)" />
			<line number="344"  hits="0"  branch="false" />
			<line number="348"  hits="2"  branch="false" />
			<line number="351"  hits="1"  branch="false" />
			<line number="352"  hits="17"  branch="false" />
			<line number="353"  hits="238"  branch="false" />
			<line number="357"  hits="1"  branch="false" />
		</lines>
		</class>
		<class name="statemachine.js"  filename="lib/statemachine.js"  line-rate="0.9259000000000001"  branch-rate="0.6" >
		<methods>
			<method name="(anonymous_1)"  hits="44"  signature="()V" >
				<lines><line number="8"  hits="44" /></lines>
			</method>
			<method name="(anonymous_2)"  hits="609"  signature="()V" >
				<lines><line number="21"  hits="609" /></lines>
			</method>
			<method name="runSetup"  hits="44"  signature="()V" >
				<lines><line number="32"  hits="44" /></lines>
			</method>
			<method name="appPre"  hits="44"  signature="()V" >
				<lines><line number="40"  hits="44" /></lines>
			</method>
			<method name="appError"  hits="7"  signature="()V" >
				<lines><line number="50"  hits="7" /></lines>
			</method>
		</methods>
		<lines>
			<line number="1"  hits="1"  branch="false" />
			<line number="3"  hits="1"  branch="false" />
			<line number="8"  hits="1"  branch="false" />
			<line number="9"  hits="44"  branch="true"  condition-coverage="50% (1/2)" />
			<line number="10"  hits="0"  branch="false" />
			<line number="15"  hits="44"  branch="false" />
			<line number="16"  hits="44"  branch="false" />
			<line number="19"  hits="44"  branch="false" />
			<line number="21"  hits="44"  branch="false" />
			<line number="22"  hits="609"  branch="false" />
			<line number="25"  hits="44"  branch="true"  condition-coverage="50% (1/2)" />
			<line number="26"  hits="44"  branch="false" />
			<line number="29"  hits="44"  branch="false" />
			<line number="32"  hits="1"  branch="false" />
			<line number="33"  hits="44"  branch="true"  condition-coverage="50% (1/2)" />
			<line number="34"  hits="44"  branch="false" />
			<line number="36"  hits="0"  branch="false" />
			<line number="40"  hits="1"  branch="false" />
			<line number="41"  hits="44"  branch="true"  condition-coverage="50% (1/2)" />
			<line number="42"  hits="44"  branch="true"  condition-coverage="100% (2/2)" />
			<line number="44"  hits="1"  branch="false" />
			<line number="45"  hits="1"  branch="false" />
			<line number="50"  hits="1"  branch="false" />
			<line number="51"  hits="7"  branch="false" />
			<line number="52"  hits="7"  branch="false" />
			<line number="54"  hits="7"  branch="false" />
			<line number="60"  hits="1"  branch="false" />
		</lines>
		</class>
		<class name="user.js"  filename="lib/user.js"  line-rate="0.8"  branch-rate="0.6537999999999999" >
		<methods>
			<method name="(anonymous_1)"  hits="44"  signature="()V" >
				<lines><line number="14"  hits="44" /></lines>
			</method>
			<method name="(anonymous_2)"  hits="88"  signature="()V" >
				<lines><line number="26"  hits="88" /></lines>
			</method>
			<method name="(anonymous_3)"  hits="0"  signature="()V" >
				<lines><line number="29"  hits="0" /></lines>
			</method>
			<method name="(anonymous_4)"  hits="43"  signature="()V" >
				<lines><line number="35"  hits="43" /></lines>
			</method>
			<method name="(anonymous_5)"  hits="24"  signature="()V" >
				<lines><line number="41"  hits="24" /></lines>
			</method>
			<method name="(anonymous_6)"  hits="96"  signature="()V" >
				<lines><line number="46"  hits="96" /></lines>
			</method>
			<method name="(anonymous_7)"  hits="24"  signature="()V" >
				<lines><line number="51"  hits="24" /></lines>
			</method>
			<method name="(anonymous_8)"  hits="74"  signature="()V" >
				<lines><line number="60"  hits="74" /></lines>
			</method>
			<method name="(anonymous_9)"  hits="0"  signature="()V" >
				<lines><line number="66"  hits="0" /></lines>
			</method>
			<method name="(anonymous_10)"  hits="31"  signature="()V" >
				<lines><line number="76"  hits="31" /></lines>
			</method>
			<method name="(anonymous_11)"  hits="62"  signature="()V" >
				<lines><line number="81"  hits="62" /></lines>
			</method>
			<method name="(anonymous_12)"  hits="31"  signature="()V" >
				<lines><line number="91"  hits="31" /></lines>
			</method>
			<method name="(anonymous_13)"  hits="62"  signature="()V" >
				<lines><line number="96"  hits="62" /></lines>
			</method>
			<method name="(anonymous_14)"  hits="31"  signature="()V" >
				<lines><line number="106"  hits="31" /></lines>
			</method>
			<method name="(anonymous_15)"  hits="62"  signature="()V" >
				<lines><line number="111"  hits="62" /></lines>
			</method>
			<method name="(anonymous_16)"  hits="16"  signature="()V" >
				<lines><line number="121"  hits="16" /></lines>
			</method>
			<method name="(anonymous_17)"  hits="43"  signature="()V" >
				<lines><line number="127"  hits="43" /></lines>
			</method>
			<method name="(anonymous_18)"  hits="21"  signature="()V" >
				<lines><line number="133"  hits="21" /></lines>
			</method>
			<method name="(anonymous_19)"  hits="16"  signature="()V" >
				<lines><line number="139"  hits="16" /></lines>
			</method>
			<method name="(anonymous_20)"  hits="1"  signature="()V" >
				<lines><line number="145"  hits="1" /></lines>
			</method>
			<method name="(anonymous_21)"  hits="43"  signature="()V" >
				<lines><line number="156"  hits="43" /></lines>
			</method>
			<method name="(anonymous_22)"  hits="0"  signature="()V" >
				<lines><line number="160"  hits="0" /></lines>
			</method>
			<method name="(anonymous_23)"  hits="0"  signature="()V" >
				<lines><line number="162"  hits="0" /></lines>
			</method>
			<method name="(anonymous_24)"  hits="43"  signature="()V" >
				<lines><line number="177"  hits="43" /></lines>
			</method>
			<method name="(anonymous_25)"  hits="0"  signature="()V" >
				<lines><line number="181"  hits="0" /></lines>
			</method>
			<method name="(anonymous_26)"  hits="0"  signature="()V" >
				<lines><line number="183"  hits="0" /></lines>
			</method>
			<method name="(anonymous_27)"  hits="43"  signature="()V" >
				<lines><line number="197"  hits="43" /></lines>
			</method>
			<method name="(anonymous_28)"  hits="0"  signature="()V" >
				<lines><line number="201"  hits="0" /></lines>
			</method>
			<method name="(anonymous_29)"  hits="0"  signature="()V" >
				<lines><line number="203"  hits="0" /></lines>
			</method>
			<method name="(anonymous_30)"  hits="43"  signature="()V" >
				<lines><line number="217"  hits="43" /></lines>
			</method>
			<method name="(anonymous_31)"  hits="43"  signature="()V" >
				<lines><line number="220"  hits="43" /></lines>
			</method>
			<method name="(anonymous_32)"  hits="43"  signature="()V" >
				<lines><line number="223"  hits="43" /></lines>
			</method>
		</methods>
		<lines>
			<line number="5"  hits="1"  branch="false" />
			<line number="6"  hits="1"  branch="false" />
			<line number="7"  hits="1"  branch="false" />
			<line number="8"  hits="1"  branch="false" />
			<line number="14"  hits="1"  branch="false" />
			<line number="15"  hits="44"  branch="false" />
			<line number="22"  hits="44"  branch="false" />
			<line number="24"  hits="44"  branch="false" />
			<line number="25"  hits="44"  branch="false" />
			<line number="27"  hits="88"  branch="false" />
			<line number="30"  hits="0"  branch="false" />
			<line number="34"  hits="44"  branch="false" />
			<line number="36"  hits="43"  branch="false" />
			<line number="40"  hits="44"  branch="false" />
			<line number="42"  hits="24"  branch="true"  condition-coverage="50% (1/2)" />
			<line number="43"  hits="0"  branch="false" />
			<line number="46"  hits="24"  branch="false" />
			<line number="47"  hits="96"  branch="false" />
			<line number="51"  hits="24"  branch="false" />
			<line number="52"  hits="24"  branch="false" />
			<line number="55"  hits="24"  branch="false" />
			<line number="59"  hits="44"  branch="false" />
			<line number="61"  hits="74"  branch="false" />
			<line number="65"  hits="44"  branch="false" />
			<line number="67"  hits="0"  branch="true"  condition-coverage="0% (0/2)" />
			<line number="68"  hits="0"  branch="false" />
			<line number="71"  hits="0"  branch="false" />
			<line number="75"  hits="44"  branch="false" />
			<line number="77"  hits="31"  branch="true"  condition-coverage="50% (1/2)" />
			<line number="78"  hits="0"  branch="false" />
			<line number="81"  hits="31"  branch="false" />
			<line number="82"  hits="62"  branch="false" />
			<line number="85"  hits="31"  branch="false" />
			<line number="86"  hits="31"  branch="false" />
			<line number="90"  hits="44"  branch="false" />
			<line number="92"  hits="31"  branch="true"  condition-coverage="50% (1/2)" />
			<line number="93"  hits="0"  branch="false" />
			<line number="96"  hits="31"  branch="false" />
			<line number="97"  hits="62"  branch="false" />
			<line number="100"  hits="31"  branch="false" />
			<line number="101"  hits="31"  branch="false" />
			<line number="105"  hits="44"  branch="false" />
			<line number="107"  hits="31"  branch="true"  condition-coverage="50% (1/2)" />
			<line number="108"  hits="0"  branch="false" />
			<line number="111"  hits="31"  branch="false" />
			<line number="112"  hits="62"  branch="false" />
			<line number="115"  hits="31"  branch="false" />
			<line number="116"  hits="31"  branch="false" />
			<line number="120"  hits="44"  branch="false" />
			<line number="122"  hits="16"  branch="false" />
			<line number="126"  hits="44"  branch="false" />
			<line number="128"  hits="43"  branch="false" />
			<line number="132"  hits="44"  branch="false" />
			<line number="134"  hits="21"  branch="false" />
			<line number="138"  hits="44"  branch="false" />
			<line number="140"  hits="16"  branch="false" />
			<line number="144"  hits="44"  branch="false" />
			<line number="146"  hits="1"  branch="false" />
			<line number="156"  hits="1"  branch="false" />
			<line number="157"  hits="43"  branch="false" />
			<line number="158"  hits="43"  branch="true"  condition-coverage="75% (3/4)" />
			<line number="159"  hits="0"  branch="false" />
			<line number="161"  hits="0"  branch="false" />
			<line number="163"  hits="0"  branch="false" />
			<line number="168"  hits="43"  branch="false" />
			<line number="177"  hits="1"  branch="false" />
			<line number="178"  hits="43"  branch="false" />
			<line number="179"  hits="43"  branch="true"  condition-coverage="75% (3/4)" />
			<line number="180"  hits="0"  branch="false" />
			<line number="182"  hits="0"  branch="false" />
			<line number="184"  hits="0"  branch="false" />
			<line number="189"  hits="43"  branch="false" />
			<line number="197"  hits="1"  branch="false" />
			<line number="198"  hits="43"  branch="false" />
			<line number="199"  hits="43"  branch="true"  condition-coverage="75% (3/4)" />
			<line number="200"  hits="0"  branch="false" />
			<line number="202"  hits="0"  branch="false" />
			<line number="204"  hits="0"  branch="false" />
			<line number="209"  hits="43"  branch="false" />
			<line number="217"  hits="1"  branch="false" />
			<line number="218"  hits="43"  branch="false" />
			<line number="219"  hits="43"  branch="false" />
			<line number="222"  hits="43"  branch="true"  condition-coverage="100% (2/2)" />
			<line number="224"  hits="43"  branch="true"  condition-coverage="100% (2/2)" />
			<line number="229"  hits="1"  branch="false" />
		</lines>
		</class>
		<class name="utils.js"  filename="lib/utils.js"  line-rate="1"  branch-rate="0.8125" >
		<methods>
			<method name="(anonymous_1)"  hits="17"  signature="()V" >
				<lines><line number="3"  hits="17" /></lines>
			</method>
			<method name="(anonymous_2)"  hits="1"  signature="()V" >
				<lines><line number="33"  hits="1" /></lines>
			</method>
			<method name="(anonymous_3)"  hits="4"  signature="()V" >
				<lines><line number="62"  hits="4" /></lines>
			</method>
		</methods>
		<lines>
			<line number="1"  hits="1"  branch="false" />
			<line number="3"  hits="1"  branch="false" />
			<line number="4"  hits="17"  branch="false" />
			<line number="6"  hits="17"  branch="false" />
			<line number="7"  hits="17"  branch="false" />
			<line number="8"  hits="238"  branch="false" />
			<line number="9"  hits="238"  branch="true"  condition-coverage="50% (1/2)" />
			<line number="10"  hits="238"  branch="false" />
			<line number="13"  hits="238"  branch="false" />
			<line number="17"  hits="238"  branch="true"  condition-coverage="100% (4/4)" />
			<line number="18"  hits="17"  branch="false" />
			<line number="19"  hits="17"  branch="false" />
			<line number="23"  hits="17"  branch="true"  condition-coverage="100% (2/2)" />
			<line number="24"  hits="4"  branch="false" />
			<line number="26"  hits="13"  branch="false" />
			<line number="33"  hits="1"  branch="false" />
			<line number="34"  hits="1"  branch="false" />
			<line number="35"  hits="1"  branch="false" />
			<line number="36"  hits="6"  branch="false" />
			<line number="37"  hits="6"  branch="true"  condition-coverage="50% (1/2)" />
			<line number="38"  hits="6"  branch="false" />
			<line number="41"  hits="6"  branch="true"  condition-coverage="100% (2/2)" />
			<line number="42"  hits="1"  branch="false" />
			<line number="43"  hits="5"  branch="true"  condition-coverage="100% (2/2)" />
			<line number="44"  hits="4"  branch="false" />
			<line number="46"  hits="1"  branch="true"  condition-coverage="50% (1/2)" />
			<line number="47"  hits="1"  branch="false" />
			<line number="49"  hits="1"  branch="false" />
			<line number="53"  hits="1"  branch="false" />
			<line number="62"  hits="1"  branch="false" />
			<line number="63"  hits="4"  branch="false" />
		</lines>
		</class>
	</classes>
	</package>
	<package name="alexa-plex.lib.states"  line-rate="0.6686"  branch-rate="0.675" >
	<classes>
		<class name="authed.js"  filename="lib/states/authed.js"  line-rate="0.9037999999999999"  branch-rate="0.9286" >
		<methods>
			<method name="(anonymous_1)"  hits="43"  signature="()V" >
				<lines><line number="8"  hits="43" /></lines>
			</method>
			<method name="(anonymous_2)"  hits="1"  signature="()V" >
				<lines><line number="13"  hits="1" /></lines>
			</method>
			<method name="(anonymous_3)"  hits="0"  signature="()V" >
				<lines><line number="18"  hits="0" /></lines>
			</method>
			<method name="(anonymous_4)"  hits="0"  signature="()V" >
				<lines><line number="23"  hits="0" /></lines>
			</method>
			<method name="(anonymous_5)"  hits="0"  signature="()V" >
				<lines><line number="25"  hits="0" /></lines>
			</method>
			<method name="(anonymous_6)"  hits="0"  signature="()V" >
				<lines><line number="34"  hits="0" /></lines>
			</method>
			<method name="(anonymous_7)"  hits="3"  signature="()V" >
				<lines><line number="41"  hits="3" /></lines>
			</method>
			<method name="(anonymous_8)"  hits="2"  signature="()V" >
				<lines><line number="45"  hits="2" /></lines>
			</method>
			<method name="(anonymous_9)"  hits="1"  signature="()V" >
				<lines><line number="56"  hits="1" /></lines>
			</method>
			<method name="(anonymous_10)"  hits="9"  signature="()V" >
				<lines><line number="63"  hits="9" /></lines>
			</method>
			<method name="(anonymous_11)"  hits="7"  signature="()V" >
				<lines><line number="76"  hits="7" /></lines>
			</method>
			<method name="(anonymous_12)"  hits="1"  signature="()V" >
				<lines><line number="78"  hits="1" /></lines>
			</method>
			<method name="(anonymous_13)"  hits="4"  signature="()V" >
				<lines><line number="85"  hits="4" /></lines>
			</method>
			<method name="(anonymous_14)"  hits="2"  signature="()V" >
				<lines><line number="99"  hits="2" /></lines>
			</method>
			<method name="(anonymous_15)"  hits="1"  signature="()V" >
				<lines><line number="101"  hits="1" /></lines>
			</method>
			<method name="(anonymous_16)"  hits="8"  signature="()V" >
				<lines><line number="108"  hits="8" /></lines>
			</method>
			<method name="(anonymous_17)"  hits="6"  signature="()V" >
				<lines><line number="126"  hits="6" /></lines>
			</method>
			<method name="(anonymous_18)"  hits="1"  signature="()V" >
				<lines><line number="128"  hits="1" /></lines>
			</method>
			<method name="(anonymous_19)"  hits="4"  signature="()V" >
				<lines><line number="135"  hits="4" /></lines>
			</method>
			<method name="(anonymous_20)"  hits="2"  signature="()V" >
				<lines><line number="151"  hits="2" /></lines>
			</method>
			<method name="(anonymous_21)"  hits="1"  signature="()V" >
				<lines><line number="153"  hits="1" /></lines>
			</method>
			<method name="(anonymous_22)"  hits="6"  signature="()V" >
				<lines><line number="160"  hits="6" /></lines>
			</method>
			<method name="(anonymous_23)"  hits="2"  signature="()V" >
				<lines><line number="174"  hits="2" /></lines>
			</method>
			<method name="(anonymous_24)"  hits="1"  signature="()V" >
				<lines><line number="176"  hits="1" /></lines>
			</method>
			<method name="(anonymous_25)"  hits="7"  signature="()V" >
				<lines><line number="190"  hits="7" /></lines>
			</method>
			<method name="(anonymous_26)"  hits="3"  signature="()V" >
				<lines><line number="206"  hits="3" /></lines>
			</method>
			<method name="(anonymous_27)"  hits="1"  signature="()V" >
				<lines><line number="208"  hits="1" /></lines>
			</method>
		</methods>
		<lines>
			<line number="5"  hits="1"  branch="false" />
			<line number="6"  hits="1"  branch="false" />
			<line number="8"  hits="1"  branch="false" />
			<line number="10"  hits="43"  branch="false" />
			<line number="13"  hits="1"  branch="false" />
			<line number="14"  hits="1"  branch="false" />
			<line number="15"  hits="1"  branch="false" />
			<line number="18"  hits="1"  branch="false" />
			<line number="19"  hits="0"  branch="false" />
			<line number="20"  hits="0"  branch="false" />
			<line number="23"  hits="1"  branch="false" />
			<line number="24"  hits="0"  branch="false" />
			<line number="25"  hits="0"  branch="false" />
			<line number="26"  hits="0"  branch="true"  condition-coverage="0% (0/2)" />
			<line number="27"  hits="0"  branch="false" />
			<line number="31"  hits="0"  branch="false" />
			<line number="33"  hits="0"  branch="false" />
			<line number="35"  hits="0"  branch="false" />
			<line number="38"  hits="0"  branch="false" />
			<line number="41"  hits="1"  branch="false" />
			<line number="42"  hits="3"  branch="false" />
			<line number="43"  hits="3"  branch="false" />
			<line number="46"  hits="2"  branch="true"  condition-coverage="100% (2/2)" />
			<line number="47"  hits="1"  branch="false" />
			<line number="50"  hits="1"  branch="false" />
			<line number="51"  hits="1"  branch="false" />
			<line number="53"  hits="1"  branch="false" />
			<line number="57"  hits="1"  branch="false" />
			<line number="60"  hits="3"  branch="false" />
			<line number="63"  hits="1"  branch="false" />
			<line number="64"  hits="9"  branch="false" />
			<line number="65"  hits="9"  branch="false" />
			<line number="67"  hits="9"  branch="true"  condition-coverage="100% (2/2)" />
			<line number="69"  hits="1"  branch="false" />
			<line number="70"  hits="1"  branch="false" />
			<line number="73"  hits="8"  branch="false" />
			<line number="77"  hits="7"  branch="false" />
			<line number="79"  hits="1"  branch="false" />
			<line number="82"  hits="8"  branch="false" />
			<line number="85"  hits="1"  branch="false" />
			<line number="86"  hits="4"  branch="false" />
			<line number="87"  hits="4"  branch="false" />
			<line number="89"  hits="4"  branch="true"  condition-coverage="100% (2/2)" />
			<line number="91"  hits="1"  branch="false" />
			<line number="92"  hits="1"  branch="false" />
			<line number="95"  hits="3"  branch="false" />
			<line number="100"  hits="2"  branch="false" />
			<line number="102"  hits="1"  branch="false" />
			<line number="105"  hits="3"  branch="false" />
			<line number="108"  hits="1"  branch="false" />
			<line number="109"  hits="8"  branch="false" />
			<line number="111"  hits="8"  branch="false" />
			<line number="112"  hits="8"  branch="false" />
			<line number="113"  hits="8"  branch="false" />
			<line number="115"  hits="8"  branch="true"  condition-coverage="100% (2/2)" />
			<line number="117"  hits="1"  branch="false" />
			<line number="118"  hits="1"  branch="false" />
			<line number="121"  hits="7"  branch="false" />
			<line number="127"  hits="6"  branch="false" />
			<line number="129"  hits="1"  branch="false" />
			<line number="132"  hits="7"  branch="false" />
			<line number="135"  hits="1"  branch="false" />
			<line number="136"  hits="4"  branch="false" />
			<line number="138"  hits="4"  branch="false" />
			<line number="140"  hits="4"  branch="true"  condition-coverage="100% (2/2)" />
			<line number="142"  hits="1"  branch="false" />
			<line number="143"  hits="1"  branch="false" />
			<line number="146"  hits="3"  branch="false" />
			<line number="152"  hits="2"  branch="false" />
			<line number="154"  hits="1"  branch="false" />
			<line number="157"  hits="3"  branch="false" />
			<line number="160"  hits="1"  branch="false" />
			<line number="161"  hits="6"  branch="false" />
			<line number="162"  hits="6"  branch="false" />
			<line number="164"  hits="6"  branch="true"  condition-coverage="100% (2/2)" />
			<line number="165"  hits="1"  branch="false" />
			<line number="166"  hits="1"  branch="false" />
			<line number="169"  hits="5"  branch="true"  condition-coverage="100% (2/2)" />
			<line number="170"  hits="3"  branch="false" />
			<line number="175"  hits="2"  branch="false" />
			<line number="177"  hits="1"  branch="false" />
			<line number="179"  hits="2"  branch="true"  condition-coverage="100% (2/2)" />
			<line number="180"  hits="1"  branch="false" />
			<line number="182"  hits="1"  branch="false" />
			<line number="183"  hits="1"  branch="false" />
			<line number="184"  hits="1"  branch="false" />
			<line number="187"  hits="3"  branch="false" />
			<line number="190"  hits="1"  branch="false" />
			<line number="191"  hits="7"  branch="false" />
			<line number="192"  hits="7"  branch="false" />
			<line number="194"  hits="7"  branch="true"  condition-coverage="100% (2/2)" />
			<line number="195"  hits="1"  branch="false" />
			<line number="196"  hits="1"  branch="false" />
			<line number="199"  hits="6"  branch="true"  condition-coverage="100% (2/2)" />
			<line number="200"  hits="1"  branch="false" />
			<line number="201"  hits="5"  branch="true"  condition-coverage="100% (2/2)" />
			<line number="202"  hits="4"  branch="false" />
			<line number="207"  hits="3"  branch="false" />
			<line number="209"  hits="1"  branch="false" />
			<line number="212"  hits="1"  branch="false" />
			<line number="213"  hits="1"  branch="false" />
			<line number="214"  hits="1"  branch="false" />
			<line number="217"  hits="4"  branch="false" />
			<line number="220"  hits="1"  branch="false" />
		</lines>
		</class>
		<class name="common-intents.js"  filename="lib/states/common-intents.js"  line-rate="0.6667000000000001"  branch-rate="1" >
		<methods>
			<method name="(anonymous_1)"  hits="0"  signature="()V" >
				<lines><line number="6"  hits="0" /></lines>
			</method>
		</methods>
		<lines>
			<line number="6"  hits="1"  branch="false" />
			<line number="7"  hits="0"  branch="false" />
			<line number="10"  hits="1"  branch="false" />
		</lines>
		</class>
		<class name="not-authed.js"  filename="lib/states/not-authed.js"  line-rate="0.2742"  branch-rate="0.0833" >
		<methods>
			<method name="generateSpokenPin"  hits="0"  signature="()V" >
				<lines><line number="19"  hits="0" /></lines>
			</method>
			<method name="(anonymous_2)"  hits="0"  signature="()V" >
				<lines><line number="20"  hits="0" /></lines>
			</method>
			<method name="(anonymous_3)"  hits="1"  signature="()V" >
				<lines><line number="25"  hits="1" /></lines>
			</method>
			<method name="(anonymous_4)"  hits="1"  signature="()V" >
				<lines><line number="29"  hits="1" /></lines>
			</method>
			<method name="(anonymous_5)"  hits="0"  signature="()V" >
				<lines><line number="44"  hits="0" /></lines>
			</method>
			<method name="(anonymous_6)"  hits="0"  signature="()V" >
				<lines><line number="45"  hits="0" /></lines>
			</method>
			<method name="(anonymous_7)"  hits="0"  signature="()V" >
				<lines><line number="46"  hits="0" /></lines>
			</method>
			<method name="(anonymous_8)"  hits="0"  signature="()V" >
				<lines><line number="58"  hits="0" /></lines>
			</method>
			<method name="(anonymous_9)"  hits="0"  signature="()V" >
				<lines><line number="63"  hits="0" /></lines>
			</method>
			<method name="(anonymous_10)"  hits="0"  signature="()V" >
				<lines><line number="64"  hits="0" /></lines>
			</method>
			<method name="(anonymous_11)"  hits="0"  signature="()V" >
				<lines><line number="65"  hits="0" /></lines>
			</method>
			<method name="(anonymous_12)"  hits="0"  signature="()V" >
				<lines><line number="75"  hits="0" /></lines>
			</method>
			<method name="(anonymous_13)"  hits="0"  signature="()V" >
				<lines><line number="80"  hits="0" /></lines>
			</method>
			<method name="(anonymous_14)"  hits="0"  signature="()V" >
				<lines><line number="92"  hits="0" /></lines>
			</method>
			<method name="(anonymous_15)"  hits="0"  signature="()V" >
				<lines><line number="96"  hits="0" /></lines>
			</method>
			<method name="(anonymous_16)"  hits="0"  signature="()V" >
				<lines><line number="102"  hits="0" /></lines>
			</method>
			<method name="(anonymous_17)"  hits="0"  signature="()V" >
				<lines><line number="103"  hits="0" /></lines>
			</method>
			<method name="(anonymous_18)"  hits="0"  signature="()V" >
				<lines><line number="110"  hits="0" /></lines>
			</method>
		</methods>
		<lines>
			<line number="5"  hits="1"  branch="false" />
			<line number="6"  hits="1"  branch="false" />
			<line number="7"  hits="1"  branch="false" />
			<line number="9"  hits="1"  branch="false" />
			<line number="19"  hits="1"  branch="false" />
			<line number="20"  hits="0"  branch="false" />
			<line number="21"  hits="0"  branch="false" />
			<line number="25"  hits="1"  branch="false" />
			<line number="26"  hits="1"  branch="false" />
			<line number="29"  hits="1"  branch="false" />
			<line number="30"  hits="1"  branch="false" />
			<line number="32"  hits="1"  branch="true"  condition-coverage="50% (1/2)" />
			<line number="34"  hits="0"  branch="false" />
			<line number="36"  hits="1"  branch="false" />
			<line number="41"  hits="1"  branch="false" />
			<line number="44"  hits="1"  branch="false" />
			<line number="45"  hits="0"  branch="false" />
			<line number="46"  hits="0"  branch="false" />
			<line number="47"  hits="0"  branch="false" />
			<line number="49"  hits="0"  branch="false" />
			<line number="52"  hits="0"  branch="false" />
			<line number="54"  hits="0"  branch="false" />
			<line number="55"  hits="0"  branch="false" />
			<line number="56"  hits="0"  branch="false" />
			<line number="59"  hits="0"  branch="false" />
			<line number="63"  hits="1"  branch="false" />
			<line number="64"  hits="0"  branch="false" />
			<line number="65"  hits="0"  branch="false" />
			<line number="66"  hits="0"  branch="false" />
			<line number="68"  hits="0"  branch="false" />
			<line number="70"  hits="0"  branch="false" />
			<line number="72"  hits="0"  branch="false" />
			<line number="73"  hits="0"  branch="false" />
			<line number="76"  hits="0"  branch="false" />
			<line number="80"  hits="1"  branch="false" />
			<line number="81"  hits="0"  branch="false" />
			<line number="82"  hits="0"  branch="false" />
			<line number="84"  hits="0"  branch="false" />
			<line number="86"  hits="0"  branch="false" />
			<line number="87"  hits="0"  branch="false" />
			<line number="88"  hits="0"  branch="false" />
			<line number="89"  hits="0"  branch="false" />
			<line number="92"  hits="1"  branch="false" />
			<line number="93"  hits="0"  branch="false" />
			<line number="95"  hits="0"  branch="true"  condition-coverage="0% (0/2)" />
			<line number="96"  hits="0"  branch="false" />
			<line number="97"  hits="0"  branch="true"  condition-coverage="0% (0/2)" />
			<line number="98"  hits="0"  branch="false" />
			<line number="99"  hits="0"  branch="false" />
			<line number="101"  hits="0"  branch="true"  condition-coverage="0% (0/2)" />
			<line number="102"  hits="0"  branch="false" />
			<line number="103"  hits="0"  branch="false" />
			<line number="104"  hits="0"  branch="false" />
			<line number="108"  hits="0"  branch="false" />
			<line number="111"  hits="0"  branch="false" />
			<line number="113"  hits="0"  branch="true"  condition-coverage="0% (0/2)" />
			<line number="114"  hits="0"  branch="false" />
			<line number="115"  hits="0"  branch="true"  condition-coverage="0% (0/2)" />
			<line number="116"  hits="0"  branch="false" />
			<line number="120"  hits="0"  branch="false" />
			<line number="123"  hits="0"  branch="false" />
			<line number="126"  hits="1"  branch="false" />
		</lines>
		</class>
	</classes>
	</package>
</packages>
</coverage>
