{"/Users/tommy/alexa-plex/lib/plex.js":{"path":"/Users/tommy/alexa-plex/lib/plex.js","s":{"1":1,"2":1,"3":1,"4":1,"5":1,"6":44,"7":44,"8":44,"9":44,"10":44,"11":44,"12":44,"13":53,"14":31,"15":0,"16":53,"17":44,"18":0,"19":0,"20":0,"21":0,"22":1,"23":44,"24":44,"25":1,"26":31,"27":31,"28":0,"29":31,"30":31,"31":1,"32":0,"33":1},"b":{"1":[31,22],"2":[0,31],"3":[0,0],"4":[0,0],"5":[0,31]},"f":{"1":44,"2":53,"3":0,"4":44,"5":31,"6":0},"fnMap":{"1":{"name":"(anonymous_1)","line":29,"loc":{"start":{"line":29,"column":11},"end":{"line":29,"column":25}}},"2":{"name":"(anonymous_2)","line":63,"loc":{"start":{"line":63,"column":13},"end":{"line":63,"column":24}}},"3":{"name":"(anonymous_3)","line":79,"loc":{"start":{"line":79,"column":13},"end":{"line":79,"column":24}}},"4":{"name":"(anonymous_4)","line":94,"loc":{"start":{"line":94,"column":34},"end":{"line":94,"column":45}}},"5":{"name":"(anonymous_5)","line":111,"loc":{"start":{"line":111,"column":37},"end":{"line":111,"column":48}}},"6":{"name":"(anonymous_6)","line":133,"loc":{"start":{"line":133,"column":30},"end":{"line":133,"column":50}}}},"statementMap":{"1":{"start":{"line":6,"column":0},"end":{"line":6,"column":34}},"2":{"start":{"line":7,"column":0},"end":{"line":7,"column":46}},"3":{"start":{"line":9,"column":0},"end":{"line":9,"column":30}},"4":{"start":{"line":16,"column":0},"end":{"line":22,"column":2}},"5":{"start":{"line":29,"column":0},"end":{"line":88,"column":2}},"6":{"start":{"line":30,"column":4},"end":{"line":30,"column":23}},"7":{"start":{"line":37,"column":4},"end":{"line":37,"column":20}},"8":{"start":{"line":43,"column":4},"end":{"line":43,"column":37}},"9":{"start":{"line":49,"column":4},"end":{"line":49,"column":21}},"10":{"start":{"line":54,"column":4},"end":{"line":54,"column":21}},"11":{"start":{"line":55,"column":4},"end":{"line":55,"column":28}},"12":{"start":{"line":62,"column":4},"end":{"line":71,"column":7}},"13":{"start":{"line":64,"column":12},"end":{"line":68,"column":13}},"14":{"start":{"line":65,"column":16},"end":{"line":67,"column":17}},"15":{"start":{"line":66,"column":20},"end":{"line":66,"column":104}},"16":{"start":{"line":69,"column":12},"end":{"line":69,"column":32}},"17":{"start":{"line":78,"column":4},"end":{"line":87,"column":7}},"18":{"start":{"line":80,"column":12},"end":{"line":84,"column":13}},"19":{"start":{"line":81,"column":16},"end":{"line":83,"column":17}},"20":{"start":{"line":82,"column":20},"end":{"line":82,"column":104}},"21":{"start":{"line":85,"column":12},"end":{"line":85,"column":32}},"22":{"start":{"line":94,"column":0},"end":{"line":104,"column":2}},"23":{"start":{"line":95,"column":4},"end":{"line":101,"column":7}},"24":{"start":{"line":103,"column":4},"end":{"line":103,"column":16}},"25":{"start":{"line":111,"column":0},"end":{"line":127,"column":2}},"26":{"start":{"line":112,"column":4},"end":{"line":112,"column":24}},"27":{"start":{"line":114,"column":4},"end":{"line":116,"column":5}},"28":{"start":{"line":115,"column":8},"end":{"line":115,"column":21}},"29":{"start":{"line":118,"column":4},"end":{"line":124,"column":7}},"30":{"start":{"line":126,"column":4},"end":{"line":126,"column":16}},"31":{"start":{"line":133,"column":0},"end":{"line":135,"column":2}},"32":{"start":{"line":134,"column":4},"end":{"line":134,"column":35}},"33":{"start":{"line":137,"column":0},"end":{"line":139,"column":2}}},"branchMap":{"1":{"line":64,"type":"if","locations":[{"start":{"line":64,"column":12},"end":{"line":64,"column":12}},{"start":{"line":64,"column":12},"end":{"line":64,"column":12}}]},"2":{"line":65,"type":"if","locations":[{"start":{"line":65,"column":16},"end":{"line":65,"column":16}},{"start":{"line":65,"column":16},"end":{"line":65,"column":16}}]},"3":{"line":80,"type":"if","locations":[{"start":{"line":80,"column":12},"end":{"line":80,"column":12}},{"start":{"line":80,"column":12},"end":{"line":80,"column":12}}]},"4":{"line":81,"type":"if","locations":[{"start":{"line":81,"column":16},"end":{"line":81,"column":16}},{"start":{"line":81,"column":16},"end":{"line":81,"column":16}}]},"5":{"line":114,"type":"if","locations":[{"start":{"line":114,"column":4},"end":{"line":114,"column":4}},{"start":{"line":114,"column":4},"end":{"line":114,"column":4}}]}}},"/Users/tommy/alexa-plex/index.js":{"path":"/Users/tommy/alexa-plex/index.js","s":{"1":1,"2":1,"3":1,"4":44,"5":44,"6":44,"7":43,"8":43,"9":44,"10":44},"b":{"1":[43,1],"2":[43,0]},"f":{"1":44},"fnMap":{"1":{"name":"(anonymous_1)","line":12,"loc":{"start":{"line":12,"column":18},"end":{"line":12,"column":43}}}},"statementMap":{"1":{"start":{"line":4,"column":0},"end":{"line":4,"column":25}},"2":{"start":{"line":5,"column":0},"end":{"line":5,"column":35}},"3":{"start":{"line":12,"column":0},"end":{"line":23,"column":2}},"4":{"start":{"line":13,"column":4},"end":{"line":13,"column":44}},"5":{"start":{"line":14,"column":4},"end":{"line":14,"column":44}},"6":{"start":{"line":15,"column":4},"end":{"line":19,"column":5}},"7":{"start":{"line":16,"column":8},"end":{"line":18,"column":9}},"8":{"start":{"line":17,"column":12},"end":{"line":17,"column":62}},"9":{"start":{"line":21,"column":4},"end":{"line":21,"column":24}},"10":{"start":{"line":22,"column":4},"end":{"line":22,"column":32}}},"branchMap":{"1":{"line":15,"type":"if","locations":[{"start":{"line":15,"column":4},"end":{"line":15,"column":4}},{"start":{"line":15,"column":4},"end":{"line":15,"column":4}}]},"2":{"line":16,"type":"if","locations":[{"start":{"line":16,"column":8},"end":{"line":16,"column":8}},{"start":{"line":16,"column":8},"end":{"line":16,"column":8}}]}}},"/Users/tommy/alexa-plex/lib/app.js":{"path":"/Users/tommy/alexa-plex/lib/app.js","s":{"1":1,"2":1,"3":1,"4":1,"5":1,"6":44,"7":44,"8":44,"9":44,"10":44,"11":44,"12":1,"13":44,"14":44,"15":44,"16":44,"17":44,"18":1,"19":43,"20":44,"21":44,"22":0,"23":0,"24":1},"b":{"1":[1,43]},"f":{"1":44,"2":44,"3":44,"4":44,"5":0},"fnMap":{"1":{"name":"(anonymous_1)","line":17,"loc":{"start":{"line":17,"column":10},"end":{"line":17,"column":21}}},"2":{"name":"(anonymous_2)","line":42,"loc":{"start":{"line":42,"column":24},"end":{"line":42,"column":51}}},"3":{"name":"(anonymous_3)","line":44,"loc":{"start":{"line":44,"column":60},"end":{"line":44,"column":77}}},"4":{"name":"(anonymous_4)","line":53,"loc":{"start":{"line":53,"column":12},"end":{"line":53,"column":23}}},"5":{"name":"(anonymous_5)","line":59,"loc":{"start":{"line":59,"column":13},"end":{"line":59,"column":27}}}},"statementMap":{"1":{"start":{"line":6,"column":0},"end":{"line":6,"column":42}},"2":{"start":{"line":7,"column":0},"end":{"line":7,"column":34}},"3":{"start":{"line":9,"column":0},"end":{"line":9,"column":25}},"4":{"start":{"line":10,"column":0},"end":{"line":10,"column":45}},"5":{"start":{"line":17,"column":0},"end":{"line":40,"column":2}},"6":{"start":{"line":18,"column":4},"end":{"line":18,"column":38}},"7":{"start":{"line":21,"column":4},"end":{"line":21,"column":31}},"8":{"start":{"line":23,"column":4},"end":{"line":23,"column":40}},"9":{"start":{"line":26,"column":4},"end":{"line":26,"column":21}},"10":{"start":{"line":32,"column":4},"end":{"line":32,"column":43}},"11":{"start":{"line":39,"column":4},"end":{"line":39,"column":46}},"12":{"start":{"line":42,"column":0},"end":{"line":63,"column":2}},"13":{"start":{"line":43,"column":4},"end":{"line":43,"column":23}},"14":{"start":{"line":44,"column":4},"end":{"line":62,"column":7}},"15":{"start":{"line":45,"column":8},"end":{"line":45,"column":49}},"16":{"start":{"line":46,"column":8},"end":{"line":46,"column":60}},"17":{"start":{"line":48,"column":8},"end":{"line":52,"column":9}},"18":{"start":{"line":49,"column":12},"end":{"line":49,"column":70}},"19":{"start":{"line":51,"column":12},"end":{"line":51,"column":66}},"20":{"start":{"line":57,"column":8},"end":{"line":57,"column":34}},"21":{"start":{"line":58,"column":8},"end":{"line":58,"column":49}},"22":{"start":{"line":60,"column":8},"end":{"line":60,"column":27}},"23":{"start":{"line":61,"column":8},"end":{"line":61,"column":33}},"24":{"start":{"line":65,"column":0},"end":{"line":67,"column":2}}},"branchMap":{"1":{"line":48,"type":"if","locations":[{"start":{"line":48,"column":8},"end":{"line":48,"column":8}},{"start":{"line":48,"column":8},"end":{"line":48,"column":8}}]}}},"/Users/tommy/alexa-plex/lib/user.js":{"path":"/Users/tommy/alexa-plex/lib/user.js","s":{"1":1,"2":1,"3":1,"4":1,"5":1,"6":44,"7":44,"8":44,"9":44,"10":88,"11":0,"12":44,"13":43,"14":44,"15":24,"16":0,"17":24,"18":96,"19":24,"20":24,"21":24,"22":44,"23":74,"24":44,"25":0,"26":0,"27":0,"28":44,"29":31,"30":0,"31":31,"32":62,"33":31,"34":31,"35":44,"36":31,"37":0,"38":31,"39":62,"40":31,"41":31,"42":44,"43":31,"44":0,"45":31,"46":62,"47":31,"48":31,"49":44,"50":16,"51":44,"52":43,"53":44,"54":21,"55":44,"56":16,"57":44,"58":1,"59":1,"60":43,"61":43,"62":0,"63":0,"64":0,"65":43,"66":1,"67":43,"68":43,"69":0,"70":0,"71":0,"72":43,"73":1,"74":43,"75":43,"76":0,"77":0,"78":0,"79":43,"80":1,"81":43,"82":43,"83":43,"84":43,"85":1},"b":{"1":[0,24],"2":[0,0],"3":[0,31],"4":[0,31],"5":[0,31],"6":[0,43],"7":[43,43],"8":[0,43],"9":[43,43],"10":[0,43],"11":[43,43],"12":[43,43],"13":[43,43]},"f":{"1":44,"2":88,"3":0,"4":43,"5":24,"6":96,"7":24,"8":74,"9":0,"10":31,"11":62,"12":31,"13":62,"14":31,"15":62,"16":16,"17":43,"18":21,"19":16,"20":1,"21":43,"22":0,"23":0,"24":43,"25":0,"26":0,"27":43,"28":0,"29":0,"30":43,"31":43,"32":43},"fnMap":{"1":{"name":"(anonymous_1)","line":14,"loc":{"start":{"line":14,"column":11},"end":{"line":14,"column":35}}},"2":{"name":"(anonymous_2)","line":26,"loc":{"start":{"line":26,"column":13},"end":{"line":26,"column":24}}},"3":{"name":"(anonymous_3)","line":29,"loc":{"start":{"line":29,"column":13},"end":{"line":29,"column":29}}},"4":{"name":"(anonymous_4)","line":35,"loc":{"start":{"line":35,"column":13},"end":{"line":35,"column":24}}},"5":{"name":"(anonymous_5)","line":41,"loc":{"start":{"line":41,"column":13},"end":{"line":41,"column":24}}},"6":{"name":"(anonymous_6)","line":46,"loc":{"start":{"line":46,"column":62},"end":{"line":46,"column":80}}},"7":{"name":"(anonymous_7)","line":51,"loc":{"start":{"line":51,"column":27},"end":{"line":51,"column":42}}},"8":{"name":"(anonymous_8)","line":60,"loc":{"start":{"line":60,"column":13},"end":{"line":60,"column":24}}},"9":{"name":"(anonymous_9)","line":66,"loc":{"start":{"line":66,"column":13},"end":{"line":66,"column":24}}},"10":{"name":"(anonymous_10)","line":76,"loc":{"start":{"line":76,"column":13},"end":{"line":76,"column":24}}},"11":{"name":"(anonymous_11)","line":81,"loc":{"start":{"line":81,"column":71},"end":{"line":81,"column":92}}},"12":{"name":"(anonymous_12)","line":91,"loc":{"start":{"line":91,"column":13},"end":{"line":91,"column":24}}},"13":{"name":"(anonymous_13)","line":96,"loc":{"start":{"line":96,"column":71},"end":{"line":96,"column":92}}},"14":{"name":"(anonymous_14)","line":106,"loc":{"start":{"line":106,"column":13},"end":{"line":106,"column":24}}},"15":{"name":"(anonymous_15)","line":111,"loc":{"start":{"line":111,"column":71},"end":{"line":111,"column":92}}},"16":{"name":"(anonymous_16)","line":121,"loc":{"start":{"line":121,"column":13},"end":{"line":121,"column":24}}},"17":{"name":"(anonymous_17)","line":127,"loc":{"start":{"line":127,"column":13},"end":{"line":127,"column":24}}},"18":{"name":"(anonymous_18)","line":133,"loc":{"start":{"line":133,"column":13},"end":{"line":133,"column":24}}},"19":{"name":"(anonymous_19)","line":139,"loc":{"start":{"line":139,"column":13},"end":{"line":139,"column":24}}},"20":{"name":"(anonymous_20)","line":145,"loc":{"start":{"line":145,"column":13},"end":{"line":145,"column":24}}},"21":{"name":"(anonymous_21)","line":156,"loc":{"start":{"line":156,"column":34},"end":{"line":156,"column":55}}},"22":{"name":"(anonymous_22)","line":160,"loc":{"start":{"line":160,"column":18},"end":{"line":160,"column":36}}},"23":{"name":"(anonymous_23)","line":162,"loc":{"start":{"line":162,"column":26},"end":{"line":162,"column":37}}},"24":{"name":"(anonymous_24)","line":177,"loc":{"start":{"line":177,"column":38},"end":{"line":177,"column":59}}},"25":{"name":"(anonymous_25)","line":181,"loc":{"start":{"line":181,"column":18},"end":{"line":181,"column":40}}},"26":{"name":"(anonymous_26)","line":183,"loc":{"start":{"line":183,"column":26},"end":{"line":183,"column":37}}},"27":{"name":"(anonymous_27)","line":197,"loc":{"start":{"line":197,"column":34},"end":{"line":197,"column":55}}},"28":{"name":"(anonymous_28)","line":201,"loc":{"start":{"line":201,"column":18},"end":{"line":201,"column":36}}},"29":{"name":"(anonymous_29)","line":203,"loc":{"start":{"line":203,"column":26},"end":{"line":203,"column":37}}},"30":{"name":"(anonymous_30)","line":217,"loc":{"start":{"line":217,"column":31},"end":{"line":217,"column":52}}},"31":{"name":"(anonymous_31)","line":220,"loc":{"start":{"line":220,"column":14},"end":{"line":220,"column":38}}},"32":{"name":"(anonymous_32)","line":223,"loc":{"start":{"line":223,"column":22},"end":{"line":223,"column":33}}}},"statementMap":{"1":{"start":{"line":5,"column":0},"end":{"line":5,"column":39}},"2":{"start":{"line":6,"column":0},"end":{"line":6,"column":21}},"3":{"start":{"line":7,"column":0},"end":{"line":7,"column":25}},"4":{"start":{"line":8,"column":0},"end":{"line":8,"column":25}},"5":{"start":{"line":14,"column":0},"end":{"line":149,"column":2}},"6":{"start":{"line":15,"column":4},"end":{"line":15,"column":29}},"7":{"start":{"line":22,"column":4},"end":{"line":22,"column":20}},"8":{"start":{"line":24,"column":4},"end":{"line":24,"column":23}},"9":{"start":{"line":25,"column":4},"end":{"line":32,"column":7}},"10":{"start":{"line":27,"column":12},"end":{"line":27,"column":46}},"11":{"start":{"line":30,"column":12},"end":{"line":30,"column":47}},"12":{"start":{"line":34,"column":4},"end":{"line":38,"column":7}},"13":{"start":{"line":36,"column":12},"end":{"line":36,"column":46}},"14":{"start":{"line":40,"column":4},"end":{"line":57,"column":7}},"15":{"start":{"line":42,"column":12},"end":{"line":44,"column":13}},"16":{"start":{"line":43,"column":16},"end":{"line":43,"column":95}},"17":{"start":{"line":46,"column":12},"end":{"line":48,"column":15}},"18":{"start":{"line":47,"column":16},"end":{"line":47,"column":46}},"19":{"start":{"line":51,"column":12},"end":{"line":53,"column":15}},"20":{"start":{"line":52,"column":16},"end":{"line":52,"column":53}},"21":{"start":{"line":55,"column":12},"end":{"line":55,"column":32}},"22":{"start":{"line":59,"column":4},"end":{"line":63,"column":7}},"23":{"start":{"line":61,"column":12},"end":{"line":61,"column":43}},"24":{"start":{"line":65,"column":4},"end":{"line":73,"column":7}},"25":{"start":{"line":67,"column":12},"end":{"line":69,"column":13}},"26":{"start":{"line":68,"column":16},"end":{"line":68,"column":91}},"27":{"start":{"line":71,"column":12},"end":{"line":71,"column":59}},"28":{"start":{"line":75,"column":4},"end":{"line":88,"column":7}},"29":{"start":{"line":77,"column":12},"end":{"line":79,"column":13}},"30":{"start":{"line":78,"column":16},"end":{"line":78,"column":89}},"31":{"start":{"line":81,"column":12},"end":{"line":83,"column":18}},"32":{"start":{"line":82,"column":16},"end":{"line":82,"column":58}},"33":{"start":{"line":85,"column":12},"end":{"line":85,"column":59}},"34":{"start":{"line":86,"column":12},"end":{"line":86,"column":32}},"35":{"start":{"line":90,"column":4},"end":{"line":103,"column":7}},"36":{"start":{"line":92,"column":12},"end":{"line":94,"column":13}},"37":{"start":{"line":93,"column":16},"end":{"line":93,"column":85}},"38":{"start":{"line":96,"column":12},"end":{"line":98,"column":18}},"39":{"start":{"line":97,"column":16},"end":{"line":97,"column":58}},"40":{"start":{"line":100,"column":12},"end":{"line":100,"column":59}},"41":{"start":{"line":101,"column":12},"end":{"line":101,"column":28}},"42":{"start":{"line":105,"column":4},"end":{"line":118,"column":7}},"43":{"start":{"line":107,"column":12},"end":{"line":109,"column":13}},"44":{"start":{"line":108,"column":16},"end":{"line":108,"column":86}},"45":{"start":{"line":111,"column":12},"end":{"line":113,"column":18}},"46":{"start":{"line":112,"column":16},"end":{"line":112,"column":58}},"47":{"start":{"line":115,"column":12},"end":{"line":115,"column":59}},"48":{"start":{"line":116,"column":12},"end":{"line":116,"column":46}},"49":{"start":{"line":120,"column":4},"end":{"line":124,"column":7}},"50":{"start":{"line":122,"column":12},"end":{"line":122,"column":71}},"51":{"start":{"line":126,"column":4},"end":{"line":130,"column":7}},"52":{"start":{"line":128,"column":12},"end":{"line":128,"column":43}},"53":{"start":{"line":132,"column":4},"end":{"line":136,"column":7}},"54":{"start":{"line":134,"column":12},"end":{"line":134,"column":48}},"55":{"start":{"line":138,"column":4},"end":{"line":142,"column":7}},"56":{"start":{"line":140,"column":12},"end":{"line":140,"column":47}},"57":{"start":{"line":144,"column":4},"end":{"line":148,"column":7}},"58":{"start":{"line":146,"column":12},"end":{"line":146,"column":40}},"59":{"start":{"line":156,"column":0},"end":{"line":169,"column":2}},"60":{"start":{"line":157,"column":4},"end":{"line":157,"column":23}},"61":{"start":{"line":158,"column":4},"end":{"line":166,"column":5}},"62":{"start":{"line":159,"column":8},"end":{"line":165,"column":10}},"63":{"start":{"line":161,"column":16},"end":{"line":164,"column":22}},"64":{"start":{"line":163,"column":24},"end":{"line":163,"column":36}},"65":{"start":{"line":168,"column":4},"end":{"line":168,"column":28}},"66":{"start":{"line":177,"column":0},"end":{"line":190,"column":2}},"67":{"start":{"line":178,"column":4},"end":{"line":178,"column":23}},"68":{"start":{"line":179,"column":4},"end":{"line":187,"column":5}},"69":{"start":{"line":180,"column":8},"end":{"line":186,"column":10}},"70":{"start":{"line":182,"column":16},"end":{"line":185,"column":22}},"71":{"start":{"line":184,"column":24},"end":{"line":184,"column":36}},"72":{"start":{"line":189,"column":4},"end":{"line":189,"column":28}},"73":{"start":{"line":197,"column":0},"end":{"line":210,"column":2}},"74":{"start":{"line":198,"column":4},"end":{"line":198,"column":23}},"75":{"start":{"line":199,"column":4},"end":{"line":207,"column":5}},"76":{"start":{"line":200,"column":8},"end":{"line":206,"column":10}},"77":{"start":{"line":202,"column":16},"end":{"line":205,"column":22}},"78":{"start":{"line":204,"column":24},"end":{"line":204,"column":36}},"79":{"start":{"line":209,"column":4},"end":{"line":209,"column":28}},"80":{"start":{"line":217,"column":0},"end":{"line":227,"column":2}},"81":{"start":{"line":218,"column":4},"end":{"line":218,"column":23}},"82":{"start":{"line":219,"column":4},"end":{"line":226,"column":11}},"83":{"start":{"line":222,"column":12},"end":{"line":225,"column":19}},"84":{"start":{"line":224,"column":20},"end":{"line":224,"column":85}},"85":{"start":{"line":229,"column":0},"end":{"line":231,"column":2}}},"branchMap":{"1":{"line":42,"type":"if","locations":[{"start":{"line":42,"column":12},"end":{"line":42,"column":12}},{"start":{"line":42,"column":12},"end":{"line":42,"column":12}}]},"2":{"line":67,"type":"if","locations":[{"start":{"line":67,"column":12},"end":{"line":67,"column":12}},{"start":{"line":67,"column":12},"end":{"line":67,"column":12}}]},"3":{"line":77,"type":"if","locations":[{"start":{"line":77,"column":12},"end":{"line":77,"column":12}},{"start":{"line":77,"column":12},"end":{"line":77,"column":12}}]},"4":{"line":92,"type":"if","locations":[{"start":{"line":92,"column":12},"end":{"line":92,"column":12}},{"start":{"line":92,"column":12},"end":{"line":92,"column":12}}]},"5":{"line":107,"type":"if","locations":[{"start":{"line":107,"column":12},"end":{"line":107,"column":12}},{"start":{"line":107,"column":12},"end":{"line":107,"column":12}}]},"6":{"line":158,"type":"if","locations":[{"start":{"line":158,"column":4},"end":{"line":158,"column":4}},{"start":{"line":158,"column":4},"end":{"line":158,"column":4}}]},"7":{"line":158,"type":"binary-expr","locations":[{"start":{"line":158,"column":8},"end":{"line":158,"column":20}},{"start":{"line":158,"column":24},"end":{"line":158,"column":34}}]},"8":{"line":179,"type":"if","locations":[{"start":{"line":179,"column":4},"end":{"line":179,"column":4}},{"start":{"line":179,"column":4},"end":{"line":179,"column":4}}]},"9":{"line":179,"type":"binary-expr","locations":[{"start":{"line":179,"column":8},"end":{"line":179,"column":23}},{"start":{"line":179,"column":27},"end":{"line":179,"column":37}}]},"10":{"line":199,"type":"if","locations":[{"start":{"line":199,"column":4},"end":{"line":199,"column":4}},{"start":{"line":199,"column":4},"end":{"line":199,"column":4}}]},"11":{"line":199,"type":"binary-expr","locations":[{"start":{"line":199,"column":8},"end":{"line":199,"column":20}},{"start":{"line":199,"column":24},"end":{"line":199,"column":34}}]},"12":{"line":222,"type":"binary-expr","locations":[{"start":{"line":222,"column":44},"end":{"line":222,"column":54}},{"start":{"line":222,"column":58},"end":{"line":222,"column":71}}]},"13":{"line":224,"type":"binary-expr","locations":[{"start":{"line":224,"column":56},"end":{"line":224,"column":66}},{"start":{"line":224,"column":70},"end":{"line":224,"column":83}}]}}},"/Users/tommy/alexa-plex/lib/plexutils.js":{"path":"/Users/tommy/alexa-plex/lib/plexutils.js","s":{"1":1,"2":1,"3":1,"4":1,"5":37,"6":37,"7":32,"8":32,"9":1,"10":0,"11":0,"12":0,"13":0,"14":1,"15":16,"16":16,"17":14,"18":14,"19":1,"20":0,"21":0,"22":0,"23":0,"24":1,"25":0,"26":0,"27":0,"28":1,"29":0,"30":0,"31":0,"32":1,"33":3,"34":3,"35":0,"36":1,"37":0,"38":1,"39":21,"40":0,"41":21,"42":0,"43":21,"44":21,"45":21,"46":21,"47":21,"48":21,"49":21,"50":21,"51":21,"52":17,"53":17,"54":17,"55":17,"56":4,"57":4,"58":4,"59":13,"60":13,"61":13,"62":13,"63":5,"64":1,"65":1,"66":4,"67":1,"68":5,"69":85,"70":5,"71":1,"72":1,"73":4,"74":35,"75":4,"76":1,"77":1,"78":3,"79":8,"80":6,"81":6,"82":4,"83":1,"84":1,"85":3,"86":11,"87":4,"88":4,"89":1,"90":1,"91":1,"92":1,"93":1,"94":3,"95":3,"96":10,"97":10,"98":9,"99":9,"100":1,"101":1,"102":1,"103":1,"104":4,"105":1,"106":21,"107":1,"108":13,"109":13,"110":13,"111":1,"112":16,"113":16,"114":16,"115":16,"116":16,"117":16,"118":16,"119":1,"120":16,"121":1,"122":16,"123":1,"124":8,"125":136,"126":1,"127":2,"128":106,"129":72,"130":34,"131":24,"132":10,"133":4,"134":6,"135":2,"136":34,"137":2,"138":1,"139":4,"140":4,"141":1,"142":4,"143":53,"144":4,"145":1,"146":4,"147":4,"148":1,"149":4,"150":1,"151":6,"152":6,"153":102,"154":42,"155":60,"156":4,"157":56,"158":14,"159":6,"160":1,"161":2,"162":2,"163":6,"164":6,"165":0,"166":0,"167":2,"168":1,"169":17,"170":238,"171":1},"b":{"1":[0,0],"2":[0,0],"3":[3,0],"4":[0,21],"5":[0,21],"6":[21,15],"7":[21,18],"8":[21,16],"9":[21,18],"10":[4,13],"11":[5,8],"12":[13,8],"13":[1,4],"14":[5,2],"15":[1,3],"16":[1,4],"17":[1,3],"18":[6,2],"19":[4,2],"20":[1,3],"21":[4,7],"22":[1,3],"23":[9,1],"24":[13,0],"25":[16,12],"26":[72,34],"27":[106,96],"28":[24,10],"29":[4,6],"30":[1,3],"31":[1,3],"32":[42,60],"33":[4,56],"34":[14,42],"35":[56,56,55,28],"36":[8,7],"37":[6,0],"38":[0,0]},"f":{"1":37,"2":32,"3":0,"4":0,"5":16,"6":14,"7":0,"8":0,"9":0,"10":0,"11":0,"12":0,"13":0,"14":0,"15":3,"16":0,"17":21,"18":17,"19":13,"20":85,"21":35,"22":4,"23":21,"24":13,"25":16,"26":16,"27":16,"28":8,"29":136,"30":2,"31":106,"32":34,"33":4,"34":53,"35":4,"36":6,"37":2,"38":17,"39":238},"fnMap":{"1":{"name":"query","line":6,"loc":{"start":{"line":6,"column":0},"end":{"line":6,"column":29}}},"2":{"name":"(anonymous_2)","line":8,"loc":{"start":{"line":8,"column":35},"end":{"line":8,"column":54}}},"3":{"name":"postQuery","line":14,"loc":{"start":{"line":14,"column":0},"end":{"line":14,"column":33}}},"4":{"name":"(anonymous_4)","line":16,"loc":{"start":{"line":16,"column":39},"end":{"line":16,"column":58}}},"5":{"name":"perform","line":22,"loc":{"start":{"line":22,"column":0},"end":{"line":22,"column":31}}},"6":{"name":"(anonymous_6)","line":24,"loc":{"start":{"line":24,"column":37},"end":{"line":24,"column":56}}},"7":{"name":"find","line":30,"loc":{"start":{"line":30,"column":0},"end":{"line":30,"column":28}}},"8":{"name":"(anonymous_8)","line":32,"loc":{"start":{"line":32,"column":34},"end":{"line":32,"column":53}}},"9":{"name":"(anonymous_9)","line":42,"loc":{"start":{"line":42,"column":17},"end":{"line":42,"column":31}}},"10":{"name":"(anonymous_10)","line":43,"loc":{"start":{"line":43,"column":69},"end":{"line":43,"column":89}}},"11":{"name":"(anonymous_11)","line":44,"loc":{"start":{"line":44,"column":54},"end":{"line":44,"column":72}}},"12":{"name":"(anonymous_12)","line":55,"loc":{"start":{"line":55,"column":17},"end":{"line":55,"column":31}}},"13":{"name":"(anonymous_13)","line":56,"loc":{"start":{"line":56,"column":48},"end":{"line":56,"column":68}}},"14":{"name":"(anonymous_14)","line":57,"loc":{"start":{"line":57,"column":42},"end":{"line":57,"column":60}}},"15":{"name":"(anonymous_15)","line":70,"loc":{"start":{"line":70,"column":16},"end":{"line":70,"column":39}}},"16":{"name":"(anonymous_16)","line":86,"loc":{"start":{"line":86,"column":25},"end":{"line":86,"column":39}}},"17":{"name":"(anonymous_17)","line":90,"loc":{"start":{"line":90,"column":16},"end":{"line":90,"column":49}}},"18":{"name":"(anonymous_18)","line":108,"loc":{"start":{"line":108,"column":58},"end":{"line":108,"column":82}}},"19":{"name":"(anonymous_19)","line":120,"loc":{"start":{"line":120,"column":52},"end":{"line":120,"column":75}}},"20":{"name":"(anonymous_20)","line":135,"loc":{"start":{"line":135,"column":66},"end":{"line":135,"column":79}}},"21":{"name":"(anonymous_21)","line":140,"loc":{"start":{"line":140,"column":48},"end":{"line":140,"column":61}}},"22":{"name":"(anonymous_22)","line":213,"loc":{"start":{"line":213,"column":13},"end":{"line":213,"column":27}}},"23":{"name":"(anonymous_23)","line":223,"loc":{"start":{"line":223,"column":23},"end":{"line":223,"column":46}}},"24":{"name":"(anonymous_24)","line":227,"loc":{"start":{"line":227,"column":27},"end":{"line":227,"column":47}}},"25":{"name":"(anonymous_25)","line":234,"loc":{"start":{"line":234,"column":16},"end":{"line":234,"column":42}}},"26":{"name":"(anonymous_26)","line":254,"loc":{"start":{"line":254,"column":19},"end":{"line":254,"column":33}}},"27":{"name":"(anonymous_27)","line":258,"loc":{"start":{"line":258,"column":26},"end":{"line":258,"column":40}}},"28":{"name":"(anonymous_28)","line":262,"loc":{"start":{"line":262,"column":29},"end":{"line":262,"column":48}}},"29":{"name":"(anonymous_29)","line":263,"loc":{"start":{"line":263,"column":27},"end":{"line":263,"column":45}}},"30":{"name":"(anonymous_30)","line":268,"loc":{"start":{"line":268,"column":32},"end":{"line":268,"column":63}}},"31":{"name":"(anonymous_31)","line":269,"loc":{"start":{"line":269,"column":18},"end":{"line":269,"column":33}}},"32":{"name":"(anonymous_32)","line":281,"loc":{"start":{"line":281,"column":31},"end":{"line":281,"column":49}}},"33":{"name":"(anonymous_33)","line":288,"loc":{"start":{"line":288,"column":28},"end":{"line":288,"column":61}}},"34":{"name":"(anonymous_34)","line":294,"loc":{"start":{"line":294,"column":45},"end":{"line":294,"column":63}}},"35":{"name":"(anonymous_35)","line":301,"loc":{"start":{"line":301,"column":23},"end":{"line":301,"column":56}}},"36":{"name":"(anonymous_36)","line":310,"loc":{"start":{"line":310,"column":24},"end":{"line":310,"column":43}}},"37":{"name":"(anonymous_37)","line":337,"loc":{"start":{"line":337,"column":27},"end":{"line":337,"column":47}}},"38":{"name":"(anonymous_38)","line":351,"loc":{"start":{"line":351,"column":28},"end":{"line":351,"column":66}}},"39":{"name":"(anonymous_39)","line":352,"loc":{"start":{"line":352,"column":60},"end":{"line":352,"column":76}}}},"statementMap":{"1":{"start":{"line":1,"column":0},"end":{"line":1,"column":21}},"2":{"start":{"line":2,"column":0},"end":{"line":2,"column":34}},"3":{"start":{"line":3,"column":0},"end":{"line":3,"column":27}},"4":{"start":{"line":6,"column":0},"end":{"line":12,"column":1}},"5":{"start":{"line":7,"column":4},"end":{"line":7,"column":38}},"6":{"start":{"line":8,"column":4},"end":{"line":11,"column":6}},"7":{"start":{"line":9,"column":8},"end":{"line":9,"column":45}},"8":{"start":{"line":10,"column":8},"end":{"line":10,"column":24}},"9":{"start":{"line":14,"column":0},"end":{"line":20,"column":1}},"10":{"start":{"line":15,"column":4},"end":{"line":15,"column":42}},"11":{"start":{"line":16,"column":4},"end":{"line":19,"column":6}},"12":{"start":{"line":17,"column":8},"end":{"line":17,"column":49}},"13":{"start":{"line":18,"column":8},"end":{"line":18,"column":24}},"14":{"start":{"line":22,"column":0},"end":{"line":28,"column":1}},"15":{"start":{"line":23,"column":4},"end":{"line":23,"column":40}},"16":{"start":{"line":24,"column":4},"end":{"line":27,"column":6}},"17":{"start":{"line":25,"column":8},"end":{"line":25,"column":47}},"18":{"start":{"line":26,"column":8},"end":{"line":26,"column":24}},"19":{"start":{"line":30,"column":0},"end":{"line":36,"column":1}},"20":{"start":{"line":31,"column":4},"end":{"line":31,"column":37}},"21":{"start":{"line":32,"column":4},"end":{"line":35,"column":6}},"22":{"start":{"line":33,"column":8},"end":{"line":33,"column":44}},"23":{"start":{"line":34,"column":8},"end":{"line":34,"column":24}},"24":{"start":{"line":42,"column":0},"end":{"line":49,"column":2}},"25":{"start":{"line":43,"column":4},"end":{"line":48,"column":7}},"26":{"start":{"line":44,"column":8},"end":{"line":47,"column":11}},"27":{"start":{"line":45,"column":12},"end":{"line":46,"column":49}},"28":{"start":{"line":55,"column":0},"end":{"line":62,"column":2}},"29":{"start":{"line":56,"column":4},"end":{"line":61,"column":7}},"30":{"start":{"line":57,"column":8},"end":{"line":60,"column":11}},"31":{"start":{"line":58,"column":12},"end":{"line":59,"column":55}},"32":{"start":{"line":70,"column":0},"end":{"line":76,"column":2}},"33":{"start":{"line":71,"column":4},"end":{"line":75,"column":5}},"34":{"start":{"line":72,"column":8},"end":{"line":72,"column":60}},"35":{"start":{"line":74,"column":8},"end":{"line":74,"column":54}},"36":{"start":{"line":86,"column":0},"end":{"line":88,"column":2}},"37":{"start":{"line":87,"column":4},"end":{"line":87,"column":52}},"38":{"start":{"line":90,"column":0},"end":{"line":216,"column":2}},"39":{"start":{"line":91,"column":4},"end":{"line":93,"column":5}},"40":{"start":{"line":92,"column":8},"end":{"line":92,"column":94}},"41":{"start":{"line":94,"column":4},"end":{"line":96,"column":5}},"42":{"start":{"line":95,"column":8},"end":{"line":95,"column":90}},"43":{"start":{"line":98,"column":4},"end":{"line":98,"column":40}},"44":{"start":{"line":99,"column":4},"end":{"line":99,"column":48}},"45":{"start":{"line":100,"column":4},"end":{"line":100,"column":51}},"46":{"start":{"line":101,"column":4},"end":{"line":101,"column":52}},"47":{"start":{"line":102,"column":4},"end":{"line":102,"column":54}},"48":{"start":{"line":103,"column":4},"end":{"line":103,"column":52}},"49":{"start":{"line":105,"column":4},"end":{"line":105,"column":23}},"50":{"start":{"line":106,"column":4},"end":{"line":106,"column":24}},"51":{"start":{"line":108,"column":4},"end":{"line":215,"column":7}},"52":{"start":{"line":109,"column":8},"end":{"line":109,"column":91}},"53":{"start":{"line":110,"column":8},"end":{"line":110,"column":43}},"54":{"start":{"line":111,"column":8},"end":{"line":111,"column":51}},"55":{"start":{"line":113,"column":8},"end":{"line":118,"column":9}},"56":{"start":{"line":115,"column":12},"end":{"line":115,"column":72}},"57":{"start":{"line":116,"column":12},"end":{"line":116,"column":77}},"58":{"start":{"line":117,"column":12},"end":{"line":117,"column":31}},"59":{"start":{"line":120,"column":8},"end":{"line":212,"column":11}},"60":{"start":{"line":121,"column":12},"end":{"line":121,"column":24}},"61":{"start":{"line":122,"column":12},"end":{"line":122,"column":31}},"62":{"start":{"line":124,"column":12},"end":{"line":160,"column":13}},"63":{"start":{"line":127,"column":16},"end":{"line":133,"column":17}},"64":{"start":{"line":129,"column":20},"end":{"line":129,"column":67}},"65":{"start":{"line":130,"column":20},"end":{"line":130,"column":56}},"66":{"start":{"line":131,"column":23},"end":{"line":133,"column":17}},"67":{"start":{"line":132,"column":20},"end":{"line":132,"column":37}},"68":{"start":{"line":135,"column":16},"end":{"line":135,"column":119}},"69":{"start":{"line":135,"column":80},"end":{"line":135,"column":116}},"70":{"start":{"line":136,"column":16},"end":{"line":139,"column":17}},"71":{"start":{"line":137,"column":20},"end":{"line":137,"column":122}},"72":{"start":{"line":138,"column":20},"end":{"line":138,"column":39}},"73":{"start":{"line":140,"column":16},"end":{"line":140,"column":98}},"74":{"start":{"line":140,"column":62},"end":{"line":140,"column":92}},"75":{"start":{"line":142,"column":16},"end":{"line":147,"column":17}},"76":{"start":{"line":143,"column":20},"end":{"line":143,"column":154}},"77":{"start":{"line":144,"column":20},"end":{"line":144,"column":39}},"78":{"start":{"line":146,"column":20},"end":{"line":146,"column":179}},"79":{"start":{"line":148,"column":19},"end":{"line":160,"column":13}},"80":{"start":{"line":149,"column":16},"end":{"line":149,"column":67}},"81":{"start":{"line":151,"column":16},"end":{"line":159,"column":17}},"82":{"start":{"line":152,"column":20},"end":{"line":157,"column":21}},"83":{"start":{"line":153,"column":24},"end":{"line":153,"column":56}},"84":{"start":{"line":154,"column":24},"end":{"line":154,"column":135}},"85":{"start":{"line":156,"column":24},"end":{"line":156,"column":106}},"86":{"start":{"line":162,"column":12},"end":{"line":188,"column":13}},"87":{"start":{"line":164,"column":16},"end":{"line":164,"column":85}},"88":{"start":{"line":166,"column":16},"end":{"line":184,"column":17}},"89":{"start":{"line":169,"column":20},"end":{"line":169,"column":94}},"90":{"start":{"line":170,"column":20},"end":{"line":170,"column":66}},"91":{"start":{"line":171,"column":20},"end":{"line":181,"column":23}},"92":{"start":{"line":182,"column":20},"end":{"line":182,"column":53}},"93":{"start":{"line":183,"column":20},"end":{"line":183,"column":150}},"94":{"start":{"line":186,"column":16},"end":{"line":186,"column":80}},"95":{"start":{"line":187,"column":16},"end":{"line":187,"column":112}},"96":{"start":{"line":190,"column":12},"end":{"line":190,"column":152}},"97":{"start":{"line":192,"column":12},"end":{"line":211,"column":13}},"98":{"start":{"line":193,"column":16},"end":{"line":193,"column":45}},"99":{"start":{"line":194,"column":16},"end":{"line":198,"column":19}},"100":{"start":{"line":200,"column":16},"end":{"line":200,"column":62}},"101":{"start":{"line":201,"column":16},"end":{"line":208,"column":19}},"102":{"start":{"line":209,"column":16},"end":{"line":209,"column":49}},"103":{"start":{"line":210,"column":16},"end":{"line":210,"column":128}},"104":{"start":{"line":214,"column":8},"end":{"line":214,"column":29}},"105":{"start":{"line":223,"column":0},"end":{"line":225,"column":2}},"106":{"start":{"line":224,"column":4},"end":{"line":224,"column":53}},"107":{"start":{"line":227,"column":0},"end":{"line":232,"column":2}},"108":{"start":{"line":228,"column":4},"end":{"line":230,"column":5}},"109":{"start":{"line":229,"column":8},"end":{"line":229,"column":30}},"110":{"start":{"line":231,"column":4},"end":{"line":231,"column":75}},"111":{"start":{"line":234,"column":0},"end":{"line":252,"column":2}},"112":{"start":{"line":235,"column":4},"end":{"line":235,"column":39}},"113":{"start":{"line":236,"column":4},"end":{"line":236,"column":40}},"114":{"start":{"line":238,"column":4},"end":{"line":238,"column":52}},"115":{"start":{"line":239,"column":4},"end":{"line":239,"column":38}},"116":{"start":{"line":240,"column":4},"end":{"line":240,"column":46}},"117":{"start":{"line":242,"column":4},"end":{"line":249,"column":11}},"118":{"start":{"line":251,"column":4},"end":{"line":251,"column":47}},"119":{"start":{"line":254,"column":0},"end":{"line":256,"column":2}},"120":{"start":{"line":255,"column":4},"end":{"line":255,"column":30}},"121":{"start":{"line":258,"column":0},"end":{"line":260,"column":2}},"122":{"start":{"line":259,"column":4},"end":{"line":259,"column":37}},"123":{"start":{"line":262,"column":0},"end":{"line":266,"column":2}},"124":{"start":{"line":263,"column":4},"end":{"line":265,"column":7}},"125":{"start":{"line":264,"column":8},"end":{"line":264,"column":32}},"126":{"start":{"line":268,"column":0},"end":{"line":286,"column":2}},"127":{"start":{"line":269,"column":4},"end":{"line":279,"column":17}},"128":{"start":{"line":270,"column":8},"end":{"line":271,"column":39}},"129":{"start":{"line":271,"column":12},"end":{"line":271,"column":39}},"130":{"start":{"line":272,"column":8},"end":{"line":274,"column":9}},"131":{"start":{"line":273,"column":12},"end":{"line":273,"column":21}},"132":{"start":{"line":275,"column":8},"end":{"line":277,"column":9}},"133":{"start":{"line":276,"column":12},"end":{"line":276,"column":22}},"134":{"start":{"line":278,"column":8},"end":{"line":278,"column":17}},"135":{"start":{"line":281,"column":4},"end":{"line":283,"column":7}},"136":{"start":{"line":282,"column":8},"end":{"line":282,"column":49}},"137":{"start":{"line":285,"column":4},"end":{"line":285,"column":20}},"138":{"start":{"line":288,"column":0},"end":{"line":299,"column":2}},"139":{"start":{"line":289,"column":4},"end":{"line":289,"column":48}},"140":{"start":{"line":290,"column":4},"end":{"line":292,"column":5}},"141":{"start":{"line":291,"column":8},"end":{"line":291,"column":69}},"142":{"start":{"line":294,"column":4},"end":{"line":296,"column":7}},"143":{"start":{"line":295,"column":8},"end":{"line":295,"column":35}},"144":{"start":{"line":298,"column":4},"end":{"line":298,"column":33}},"145":{"start":{"line":301,"column":0},"end":{"line":308,"column":2}},"146":{"start":{"line":302,"column":4},"end":{"line":302,"column":48}},"147":{"start":{"line":303,"column":4},"end":{"line":305,"column":5}},"148":{"start":{"line":304,"column":8},"end":{"line":304,"column":69}},"149":{"start":{"line":307,"column":4},"end":{"line":307,"column":61}},"150":{"start":{"line":310,"column":0},"end":{"line":330,"column":2}},"151":{"start":{"line":311,"column":4},"end":{"line":311,"column":21}},"152":{"start":{"line":313,"column":4},"end":{"line":327,"column":5}},"153":{"start":{"line":314,"column":8},"end":{"line":316,"column":9}},"154":{"start":{"line":315,"column":12},"end":{"line":315,"column":21}},"155":{"start":{"line":318,"column":8},"end":{"line":326,"column":9}},"156":{"start":{"line":319,"column":12},"end":{"line":319,"column":39}},"157":{"start":{"line":320,"column":15},"end":{"line":326,"column":9}},"158":{"start":{"line":325,"column":12},"end":{"line":325,"column":39}},"159":{"start":{"line":329,"column":4},"end":{"line":329,"column":24}},"160":{"start":{"line":337,"column":0},"end":{"line":349,"column":2}},"161":{"start":{"line":338,"column":4},"end":{"line":338,"column":19}},"162":{"start":{"line":340,"column":4},"end":{"line":346,"column":5}},"163":{"start":{"line":341,"column":8},"end":{"line":345,"column":9}},"164":{"start":{"line":342,"column":12},"end":{"line":342,"column":64}},"165":{"start":{"line":343,"column":15},"end":{"line":345,"column":9}},"166":{"start":{"line":344,"column":12},"end":{"line":344,"column":53}},"167":{"start":{"line":348,"column":4},"end":{"line":348,"column":17}},"168":{"start":{"line":351,"column":0},"end":{"line":355,"column":2}},"169":{"start":{"line":352,"column":4},"end":{"line":354,"column":7}},"170":{"start":{"line":353,"column":8},"end":{"line":353,"column":26}},"171":{"start":{"line":357,"column":0},"end":{"line":373,"column":2}}},"branchMap":{"1":{"line":45,"type":"binary-expr","locations":[{"start":{"line":45,"column":20},"end":{"line":45,"column":72}},{"start":{"line":46,"column":12},"end":{"line":46,"column":47}}]},"2":{"line":58,"type":"binary-expr","locations":[{"start":{"line":58,"column":20},"end":{"line":58,"column":75}},{"start":{"line":59,"column":19},"end":{"line":59,"column":53}}]},"3":{"line":71,"type":"if","locations":[{"start":{"line":71,"column":4},"end":{"line":71,"column":4}},{"start":{"line":71,"column":4},"end":{"line":71,"column":4}}]},"4":{"line":91,"type":"if","locations":[{"start":{"line":91,"column":4},"end":{"line":91,"column":4}},{"start":{"line":91,"column":4},"end":{"line":91,"column":4}}]},"5":{"line":94,"type":"if","locations":[{"start":{"line":94,"column":4},"end":{"line":94,"column":4}},{"start":{"line":94,"column":4},"end":{"line":94,"column":4}}]},"6":{"line":100,"type":"binary-expr","locations":[{"start":{"line":100,"column":22},"end":{"line":100,"column":41}},{"start":{"line":100,"column":45},"end":{"line":100,"column":50}}]},"7":{"line":101,"type":"binary-expr","locations":[{"start":{"line":101,"column":23},"end":{"line":101,"column":43}},{"start":{"line":101,"column":47},"end":{"line":101,"column":51}}]},"8":{"line":102,"type":"binary-expr","locations":[{"start":{"line":102,"column":24},"end":{"line":102,"column":45}},{"start":{"line":102,"column":49},"end":{"line":102,"column":53}}]},"9":{"line":103,"type":"binary-expr","locations":[{"start":{"line":103,"column":23},"end":{"line":103,"column":43}},{"start":{"line":103,"column":47},"end":{"line":103,"column":51}}]},"10":{"line":113,"type":"if","locations":[{"start":{"line":113,"column":8},"end":{"line":113,"column":8}},{"start":{"line":113,"column":8},"end":{"line":113,"column":8}}]},"11":{"line":124,"type":"if","locations":[{"start":{"line":124,"column":12},"end":{"line":124,"column":12}},{"start":{"line":124,"column":12},"end":{"line":124,"column":12}}]},"12":{"line":124,"type":"binary-expr","locations":[{"start":{"line":124,"column":15},"end":{"line":124,"column":28}},{"start":{"line":124,"column":32},"end":{"line":124,"column":44}}]},"13":{"line":127,"type":"if","locations":[{"start":{"line":127,"column":16},"end":{"line":127,"column":16}},{"start":{"line":127,"column":16},"end":{"line":127,"column":16}}]},"14":{"line":127,"type":"binary-expr","locations":[{"start":{"line":127,"column":19},"end":{"line":127,"column":32}},{"start":{"line":127,"column":36},"end":{"line":127,"column":55}}]},"15":{"line":131,"type":"if","locations":[{"start":{"line":131,"column":23},"end":{"line":131,"column":23}},{"start":{"line":131,"column":23},"end":{"line":131,"column":23}}]},"16":{"line":136,"type":"if","locations":[{"start":{"line":136,"column":16},"end":{"line":136,"column":16}},{"start":{"line":136,"column":16},"end":{"line":136,"column":16}}]},"17":{"line":142,"type":"if","locations":[{"start":{"line":142,"column":16},"end":{"line":142,"column":16}},{"start":{"line":142,"column":16},"end":{"line":142,"column":16}}]},"18":{"line":148,"type":"if","locations":[{"start":{"line":148,"column":19},"end":{"line":148,"column":19}},{"start":{"line":148,"column":19},"end":{"line":148,"column":19}}]},"19":{"line":151,"type":"if","locations":[{"start":{"line":151,"column":16},"end":{"line":151,"column":16}},{"start":{"line":151,"column":16},"end":{"line":151,"column":16}}]},"20":{"line":152,"type":"if","locations":[{"start":{"line":152,"column":20},"end":{"line":152,"column":20}},{"start":{"line":152,"column":20},"end":{"line":152,"column":20}}]},"21":{"line":162,"type":"if","locations":[{"start":{"line":162,"column":12},"end":{"line":162,"column":12}},{"start":{"line":162,"column":12},"end":{"line":162,"column":12}}]},"22":{"line":166,"type":"if","locations":[{"start":{"line":166,"column":16},"end":{"line":166,"column":16}},{"start":{"line":166,"column":16},"end":{"line":166,"column":16}}]},"23":{"line":192,"type":"if","locations":[{"start":{"line":192,"column":12},"end":{"line":192,"column":12}},{"start":{"line":192,"column":12},"end":{"line":192,"column":12}}]},"24":{"line":228,"type":"if","locations":[{"start":{"line":228,"column":4},"end":{"line":228,"column":4}},{"start":{"line":228,"column":4},"end":{"line":228,"column":4}}]},"25":{"line":236,"type":"binary-expr","locations":[{"start":{"line":236,"column":17},"end":{"line":236,"column":34}},{"start":{"line":236,"column":38},"end":{"line":236,"column":39}}]},"26":{"line":270,"type":"if","locations":[{"start":{"line":270,"column":8},"end":{"line":270,"column":8}},{"start":{"line":270,"column":8},"end":{"line":270,"column":8}}]},"27":{"line":270,"type":"binary-expr","locations":[{"start":{"line":270,"column":11},"end":{"line":270,"column":19}},{"start":{"line":270,"column":23},"end":{"line":270,"column":31}}]},"28":{"line":272,"type":"if","locations":[{"start":{"line":272,"column":8},"end":{"line":272,"column":8}},{"start":{"line":272,"column":8},"end":{"line":272,"column":8}}]},"29":{"line":275,"type":"if","locations":[{"start":{"line":275,"column":8},"end":{"line":275,"column":8}},{"start":{"line":275,"column":8},"end":{"line":275,"column":8}}]},"30":{"line":290,"type":"if","locations":[{"start":{"line":290,"column":4},"end":{"line":290,"column":4}},{"start":{"line":290,"column":4},"end":{"line":290,"column":4}}]},"31":{"line":303,"type":"if","locations":[{"start":{"line":303,"column":4},"end":{"line":303,"column":4}},{"start":{"line":303,"column":4},"end":{"line":303,"column":4}}]},"32":{"line":314,"type":"if","locations":[{"start":{"line":314,"column":8},"end":{"line":314,"column":8}},{"start":{"line":314,"column":8},"end":{"line":314,"column":8}}]},"33":{"line":318,"type":"if","locations":[{"start":{"line":318,"column":8},"end":{"line":318,"column":8}},{"start":{"line":318,"column":8},"end":{"line":318,"column":8}}]},"34":{"line":320,"type":"if","locations":[{"start":{"line":320,"column":15},"end":{"line":320,"column":15}},{"start":{"line":320,"column":15},"end":{"line":320,"column":15}}]},"35":{"line":320,"type":"binary-expr","locations":[{"start":{"line":320,"column":19},"end":{"line":320,"column":48}},{"start":{"line":321,"column":15},"end":{"line":321,"column":65}},{"start":{"line":322,"column":16},"end":{"line":322,"column":67}},{"start":{"line":323,"column":15},"end":{"line":323,"column":53}}]},"36":{"line":340,"type":"binary-expr","locations":[{"start":{"line":340,"column":15},"end":{"line":340,"column":45}},{"start":{"line":340,"column":49},"end":{"line":340,"column":54}}]},"37":{"line":341,"type":"if","locations":[{"start":{"line":341,"column":8},"end":{"line":341,"column":8}},{"start":{"line":341,"column":8},"end":{"line":341,"column":8}}]},"38":{"line":343,"type":"if","locations":[{"start":{"line":343,"column":15},"end":{"line":343,"column":15}},{"start":{"line":343,"column":15},"end":{"line":343,"column":15}}]}}},"/Users/tommy/alexa-plex/lib/utils.js":{"path":"/Users/tommy/alexa-plex/lib/utils.js","s":{"1":1,"2":1,"3":17,"4":17,"5":17,"6":238,"7":238,"8":238,"9":238,"10":238,"11":17,"12":17,"13":17,"14":4,"15":13,"16":1,"17":1,"18":1,"19":6,"20":6,"21":6,"22":6,"23":1,"24":5,"25":4,"26":1,"27":1,"28":1,"29":1,"30":1,"31":4},"b":{"1":[238,0],"2":[17,221],"3":[238,72],"4":[4,13],"5":[6,0],"6":[1,5],"7":[4,1],"8":[1,0]},"f":{"1":17,"2":1,"3":4},"fnMap":{"1":{"name":"(anonymous_1)","line":3,"loc":{"start":{"line":3,"column":31},"end":{"line":3,"column":64}}},"2":{"name":"(anonymous_2)","line":33,"loc":{"start":{"line":33,"column":38},"end":{"line":33,"column":76}}},"3":{"name":"(anonymous_3)","line":62,"loc":{"start":{"line":62,"column":27},"end":{"line":62,"column":47}}}},"statementMap":{"1":{"start":{"line":1,"column":0},"end":{"line":1,"column":45}},"2":{"start":{"line":3,"column":0},"end":{"line":31,"column":2}},"3":{"start":{"line":4,"column":4},"end":{"line":4,"column":22}},"4":{"start":{"line":6,"column":4},"end":{"line":6,"column":43}},"5":{"start":{"line":7,"column":4},"end":{"line":21,"column":5}},"6":{"start":{"line":8,"column":8},"end":{"line":8,"column":28}},"7":{"start":{"line":9,"column":8},"end":{"line":11,"column":9}},"8":{"start":{"line":10,"column":12},"end":{"line":10,"column":37}},"9":{"start":{"line":13,"column":8},"end":{"line":13,"column":39}},"10":{"start":{"line":17,"column":8},"end":{"line":20,"column":9}},"11":{"start":{"line":18,"column":12},"end":{"line":18,"column":32}},"12":{"start":{"line":19,"column":12},"end":{"line":19,"column":36}},"13":{"start":{"line":23,"column":4},"end":{"line":30,"column":5}},"14":{"start":{"line":24,"column":8},"end":{"line":24,"column":21}},"15":{"start":{"line":26,"column":8},"end":{"line":29,"column":10}},"16":{"start":{"line":33,"column":0},"end":{"line":54,"column":2}},"17":{"start":{"line":34,"column":4},"end":{"line":34,"column":20}},"18":{"start":{"line":35,"column":4},"end":{"line":51,"column":5}},"19":{"start":{"line":36,"column":8},"end":{"line":36,"column":28}},"20":{"start":{"line":37,"column":8},"end":{"line":39,"column":9}},"21":{"start":{"line":38,"column":12},"end":{"line":38,"column":43}},"22":{"start":{"line":41,"column":8},"end":{"line":50,"column":9}},"23":{"start":{"line":42,"column":12},"end":{"line":42,"column":27}},"24":{"start":{"line":43,"column":15},"end":{"line":50,"column":9}},"25":{"start":{"line":44,"column":12},"end":{"line":44,"column":34}},"26":{"start":{"line":46,"column":12},"end":{"line":48,"column":13}},"27":{"start":{"line":47,"column":16},"end":{"line":47,"column":30}},"28":{"start":{"line":49,"column":12},"end":{"line":49,"column":51}},"29":{"start":{"line":53,"column":4},"end":{"line":53,"column":18}},"30":{"start":{"line":62,"column":0},"end":{"line":64,"column":2}},"31":{"start":{"line":63,"column":4},"end":{"line":63,"column":62}}},"branchMap":{"1":{"line":9,"type":"if","locations":[{"start":{"line":9,"column":8},"end":{"line":9,"column":8}},{"start":{"line":9,"column":8},"end":{"line":9,"column":8}}]},"2":{"line":17,"type":"if","locations":[{"start":{"line":17,"column":8},"end":{"line":17,"column":8}},{"start":{"line":17,"column":8},"end":{"line":17,"column":8}}]},"3":{"line":17,"type":"binary-expr","locations":[{"start":{"line":17,"column":11},"end":{"line":17,"column":27}},{"start":{"line":17,"column":31},"end":{"line":17,"column":54}}]},"4":{"line":23,"type":"if","locations":[{"start":{"line":23,"column":4},"end":{"line":23,"column":4}},{"start":{"line":23,"column":4},"end":{"line":23,"column":4}}]},"5":{"line":37,"type":"if","locations":[{"start":{"line":37,"column":8},"end":{"line":37,"column":8}},{"start":{"line":37,"column":8},"end":{"line":37,"column":8}}]},"6":{"line":41,"type":"if","locations":[{"start":{"line":41,"column":8},"end":{"line":41,"column":8}},{"start":{"line":41,"column":8},"end":{"line":41,"column":8}}]},"7":{"line":43,"type":"if","locations":[{"start":{"line":43,"column":15},"end":{"line":43,"column":15}},{"start":{"line":43,"column":15},"end":{"line":43,"column":15}}]},"8":{"line":46,"type":"if","locations":[{"start":{"line":46,"column":12},"end":{"line":46,"column":12}},{"start":{"line":46,"column":12},"end":{"line":46,"column":12}}]}}},"/Users/tommy/alexa-plex/lib/db.js":{"path":"/Users/tommy/alexa-plex/lib/db.js","s":{"1":1,"2":1,"3":1,"4":1,"5":1,"6":44,"7":44,"8":44,"9":44,"10":44,"11":0,"12":44,"13":1,"14":1,"15":1,"16":0,"17":1,"18":43,"19":44,"20":1,"21":0,"22":0,"23":0,"24":0,"25":0,"26":0,"27":0,"28":0,"29":0,"30":0,"31":0,"32":0,"33":0,"34":1,"35":0,"36":0,"37":0,"38":0,"39":0,"40":0,"41":0,"42":0,"43":0,"44":0,"45":0,"46":0,"47":0,"48":1,"49":0,"50":0,"51":0,"52":0,"53":0,"54":0,"55":0,"56":0,"57":0,"58":0,"59":0,"60":0,"61":0,"62":1,"63":0,"64":0,"65":0,"66":0,"67":0,"68":0,"69":0,"70":0,"71":0,"72":0,"73":0,"74":0,"75":0,"76":1,"77":0,"78":0,"79":0,"80":0,"81":0,"82":0,"83":0,"84":0,"85":0,"86":0,"87":0,"88":0,"89":0,"90":1,"91":1,"92":1,"93":1,"94":1,"95":1},"b":{"1":[1,1],"2":[1,0],"3":[0,44],"4":[1,43],"5":[0,1],"6":[0,0],"7":[0,0],"8":[0,0],"9":[0,0],"10":[0,0],"11":[0,0],"12":[0,0],"13":[0,0],"14":[0,0],"15":[0,0],"16":[0,0],"17":[0,0],"18":[0,0],"19":[0,0],"20":[0,0]},"f":{"1":44,"2":44,"3":1,"4":0,"5":0,"6":0,"7":0,"8":0,"9":0,"10":0,"11":0,"12":0,"13":0},"fnMap":{"1":{"name":"initializeUserRecord","line":10,"loc":{"start":{"line":10,"column":0},"end":{"line":10,"column":38}}},"2":{"name":"(anonymous_2)","line":19,"loc":{"start":{"line":19,"column":35},"end":{"line":19,"column":55}}},"3":{"name":"(anonymous_3)","line":30,"loc":{"start":{"line":30,"column":39},"end":{"line":30,"column":59}}},"4":{"name":"updatePin","line":46,"loc":{"start":{"line":46,"column":0},"end":{"line":46,"column":30}}},"5":{"name":"(anonymous_5)","line":65,"loc":{"start":{"line":65,"column":37},"end":{"line":65,"column":57}}},"6":{"name":"updateAuthToken","line":81,"loc":{"start":{"line":81,"column":0},"end":{"line":81,"column":38}}},"7":{"name":"(anonymous_7)","line":100,"loc":{"start":{"line":100,"column":37},"end":{"line":100,"column":57}}},"8":{"name":"updateUserServer","line":115,"loc":{"start":{"line":115,"column":0},"end":{"line":115,"column":40}}},"9":{"name":"(anonymous_9)","line":134,"loc":{"start":{"line":134,"column":37},"end":{"line":134,"column":57}}},"10":{"name":"updateUserPlayer","line":149,"loc":{"start":{"line":149,"column":0},"end":{"line":149,"column":40}}},"11":{"name":"(anonymous_11)","line":168,"loc":{"start":{"line":168,"column":37},"end":{"line":168,"column":57}}},"12":{"name":"updateUserLibraries","line":183,"loc":{"start":{"line":183,"column":0},"end":{"line":183,"column":46}}},"13":{"name":"(anonymous_13)","line":202,"loc":{"start":{"line":202,"column":37},"end":{"line":202,"column":57}}}},"statementMap":{"1":{"start":{"line":1,"column":0},"end":{"line":1,"column":21}},"2":{"start":{"line":2,"column":0},"end":{"line":2,"column":29}},"3":{"start":{"line":3,"column":0},"end":{"line":6,"column":3}},"4":{"start":{"line":8,"column":0},"end":{"line":8,"column":34}},"5":{"start":{"line":10,"column":0},"end":{"line":44,"column":1}},"6":{"start":{"line":11,"column":4},"end":{"line":11,"column":56}},"7":{"start":{"line":12,"column":4},"end":{"line":12,"column":29}},"8":{"start":{"line":14,"column":4},"end":{"line":17,"column":6}},"9":{"start":{"line":19,"column":4},"end":{"line":42,"column":7}},"10":{"start":{"line":20,"column":8},"end":{"line":22,"column":9}},"11":{"start":{"line":21,"column":12},"end":{"line":21,"column":40}},"12":{"start":{"line":24,"column":8},"end":{"line":41,"column":9}},"13":{"start":{"line":26,"column":12},"end":{"line":29,"column":14}},"14":{"start":{"line":30,"column":12},"end":{"line":37,"column":14}},"15":{"start":{"line":31,"column":16},"end":{"line":36,"column":17}},"16":{"start":{"line":32,"column":20},"end":{"line":32,"column":34}},"17":{"start":{"line":35,"column":20},"end":{"line":35,"column":60}},"18":{"start":{"line":40,"column":12},"end":{"line":40,"column":47}},"19":{"start":{"line":43,"column":4},"end":{"line":43,"column":28}},"20":{"start":{"line":46,"column":0},"end":{"line":78,"column":1}},"21":{"start":{"line":47,"column":4},"end":{"line":47,"column":56}},"22":{"start":{"line":48,"column":4},"end":{"line":48,"column":29}},"23":{"start":{"line":50,"column":4},"end":{"line":50,"column":22}},"24":{"start":{"line":51,"column":4},"end":{"line":53,"column":5}},"25":{"start":{"line":52,"column":8},"end":{"line":52,"column":38}},"26":{"start":{"line":55,"column":4},"end":{"line":63,"column":6}},"27":{"start":{"line":65,"column":4},"end":{"line":75,"column":7}},"28":{"start":{"line":66,"column":8},"end":{"line":68,"column":9}},"29":{"start":{"line":67,"column":12},"end":{"line":67,"column":40}},"30":{"start":{"line":70,"column":8},"end":{"line":72,"column":9}},"31":{"start":{"line":71,"column":12},"end":{"line":71,"column":44}},"32":{"start":{"line":74,"column":8},"end":{"line":74,"column":31}},"33":{"start":{"line":77,"column":4},"end":{"line":77,"column":28}},"34":{"start":{"line":81,"column":0},"end":{"line":113,"column":1}},"35":{"start":{"line":82,"column":4},"end":{"line":82,"column":56}},"36":{"start":{"line":83,"column":4},"end":{"line":83,"column":29}},"37":{"start":{"line":85,"column":4},"end":{"line":85,"column":22}},"38":{"start":{"line":86,"column":4},"end":{"line":88,"column":5}},"39":{"start":{"line":87,"column":8},"end":{"line":87,"column":38}},"40":{"start":{"line":90,"column":4},"end":{"line":98,"column":6}},"41":{"start":{"line":100,"column":4},"end":{"line":110,"column":7}},"42":{"start":{"line":101,"column":8},"end":{"line":103,"column":9}},"43":{"start":{"line":102,"column":12},"end":{"line":102,"column":40}},"44":{"start":{"line":105,"column":8},"end":{"line":107,"column":9}},"45":{"start":{"line":106,"column":12},"end":{"line":106,"column":44}},"46":{"start":{"line":109,"column":8},"end":{"line":109,"column":31}},"47":{"start":{"line":112,"column":4},"end":{"line":112,"column":28}},"48":{"start":{"line":115,"column":0},"end":{"line":147,"column":1}},"49":{"start":{"line":116,"column":4},"end":{"line":116,"column":56}},"50":{"start":{"line":117,"column":4},"end":{"line":117,"column":29}},"51":{"start":{"line":119,"column":4},"end":{"line":119,"column":22}},"52":{"start":{"line":120,"column":4},"end":{"line":122,"column":5}},"53":{"start":{"line":121,"column":8},"end":{"line":121,"column":38}},"54":{"start":{"line":124,"column":4},"end":{"line":132,"column":6}},"55":{"start":{"line":134,"column":4},"end":{"line":144,"column":7}},"56":{"start":{"line":135,"column":8},"end":{"line":137,"column":9}},"57":{"start":{"line":136,"column":12},"end":{"line":136,"column":40}},"58":{"start":{"line":139,"column":8},"end":{"line":141,"column":9}},"59":{"start":{"line":140,"column":12},"end":{"line":140,"column":44}},"60":{"start":{"line":143,"column":8},"end":{"line":143,"column":31}},"61":{"start":{"line":146,"column":4},"end":{"line":146,"column":28}},"62":{"start":{"line":149,"column":0},"end":{"line":181,"column":1}},"63":{"start":{"line":150,"column":4},"end":{"line":150,"column":56}},"64":{"start":{"line":151,"column":4},"end":{"line":151,"column":29}},"65":{"start":{"line":153,"column":4},"end":{"line":153,"column":22}},"66":{"start":{"line":154,"column":4},"end":{"line":156,"column":5}},"67":{"start":{"line":155,"column":8},"end":{"line":155,"column":38}},"68":{"start":{"line":158,"column":4},"end":{"line":166,"column":6}},"69":{"start":{"line":168,"column":4},"end":{"line":178,"column":7}},"70":{"start":{"line":169,"column":8},"end":{"line":171,"column":9}},"71":{"start":{"line":170,"column":12},"end":{"line":170,"column":40}},"72":{"start":{"line":173,"column":8},"end":{"line":175,"column":9}},"73":{"start":{"line":174,"column":12},"end":{"line":174,"column":44}},"74":{"start":{"line":177,"column":8},"end":{"line":177,"column":31}},"75":{"start":{"line":180,"column":4},"end":{"line":180,"column":28}},"76":{"start":{"line":183,"column":0},"end":{"line":215,"column":1}},"77":{"start":{"line":184,"column":4},"end":{"line":184,"column":56}},"78":{"start":{"line":185,"column":4},"end":{"line":185,"column":29}},"79":{"start":{"line":187,"column":4},"end":{"line":187,"column":22}},"80":{"start":{"line":188,"column":4},"end":{"line":190,"column":5}},"81":{"start":{"line":189,"column":8},"end":{"line":189,"column":38}},"82":{"start":{"line":192,"column":4},"end":{"line":200,"column":6}},"83":{"start":{"line":202,"column":4},"end":{"line":212,"column":7}},"84":{"start":{"line":203,"column":8},"end":{"line":205,"column":9}},"85":{"start":{"line":204,"column":12},"end":{"line":204,"column":40}},"86":{"start":{"line":207,"column":8},"end":{"line":209,"column":9}},"87":{"start":{"line":208,"column":12},"end":{"line":208,"column":44}},"88":{"start":{"line":211,"column":8},"end":{"line":211,"column":31}},"89":{"start":{"line":214,"column":4},"end":{"line":214,"column":28}},"90":{"start":{"line":217,"column":0},"end":{"line":217,"column":59}},"91":{"start":{"line":218,"column":0},"end":{"line":218,"column":37}},"92":{"start":{"line":219,"column":0},"end":{"line":219,"column":49}},"93":{"start":{"line":220,"column":0},"end":{"line":220,"column":51}},"94":{"start":{"line":221,"column":0},"end":{"line":221,"column":51}},"95":{"start":{"line":222,"column":0},"end":{"line":222,"column":57}}},"branchMap":{"1":{"line":4,"type":"binary-expr","locations":[{"start":{"line":4,"column":12},"end":{"line":4,"column":34}},{"start":{"line":4,"column":38},"end":{"line":4,"column":49}}]},"2":{"line":5,"type":"binary-expr","locations":[{"start":{"line":5,"column":14},"end":{"line":5,"column":38}},{"start":{"line":5,"column":42},"end":{"line":5,"column":46}}]},"3":{"line":20,"type":"if","locations":[{"start":{"line":20,"column":8},"end":{"line":20,"column":8}},{"start":{"line":20,"column":8},"end":{"line":20,"column":8}}]},"4":{"line":24,"type":"if","locations":[{"start":{"line":24,"column":8},"end":{"line":24,"column":8}},{"start":{"line":24,"column":8},"end":{"line":24,"column":8}}]},"5":{"line":31,"type":"if","locations":[{"start":{"line":31,"column":16},"end":{"line":31,"column":16}},{"start":{"line":31,"column":16},"end":{"line":31,"column":16}}]},"6":{"line":51,"type":"if","locations":[{"start":{"line":51,"column":4},"end":{"line":51,"column":4}},{"start":{"line":51,"column":4},"end":{"line":51,"column":4}}]},"7":{"line":66,"type":"if","locations":[{"start":{"line":66,"column":8},"end":{"line":66,"column":8}},{"start":{"line":66,"column":8},"end":{"line":66,"column":8}}]},"8":{"line":70,"type":"if","locations":[{"start":{"line":70,"column":8},"end":{"line":70,"column":8}},{"start":{"line":70,"column":8},"end":{"line":70,"column":8}}]},"9":{"line":86,"type":"if","locations":[{"start":{"line":86,"column":4},"end":{"line":86,"column":4}},{"start":{"line":86,"column":4},"end":{"line":86,"column":4}}]},"10":{"line":101,"type":"if","locations":[{"start":{"line":101,"column":8},"end":{"line":101,"column":8}},{"start":{"line":101,"column":8},"end":{"line":101,"column":8}}]},"11":{"line":105,"type":"if","locations":[{"start":{"line":105,"column":8},"end":{"line":105,"column":8}},{"start":{"line":105,"column":8},"end":{"line":105,"column":8}}]},"12":{"line":120,"type":"if","locations":[{"start":{"line":120,"column":4},"end":{"line":120,"column":4}},{"start":{"line":120,"column":4},"end":{"line":120,"column":4}}]},"13":{"line":135,"type":"if","locations":[{"start":{"line":135,"column":8},"end":{"line":135,"column":8}},{"start":{"line":135,"column":8},"end":{"line":135,"column":8}}]},"14":{"line":139,"type":"if","locations":[{"start":{"line":139,"column":8},"end":{"line":139,"column":8}},{"start":{"line":139,"column":8},"end":{"line":139,"column":8}}]},"15":{"line":154,"type":"if","locations":[{"start":{"line":154,"column":4},"end":{"line":154,"column":4}},{"start":{"line":154,"column":4},"end":{"line":154,"column":4}}]},"16":{"line":169,"type":"if","locations":[{"start":{"line":169,"column":8},"end":{"line":169,"column":8}},{"start":{"line":169,"column":8},"end":{"line":169,"column":8}}]},"17":{"line":173,"type":"if","locations":[{"start":{"line":173,"column":8},"end":{"line":173,"column":8}},{"start":{"line":173,"column":8},"end":{"line":173,"column":8}}]},"18":{"line":188,"type":"if","locations":[{"start":{"line":188,"column":4},"end":{"line":188,"column":4}},{"start":{"line":188,"column":4},"end":{"line":188,"column":4}}]},"19":{"line":203,"type":"if","locations":[{"start":{"line":203,"column":8},"end":{"line":203,"column":8}},{"start":{"line":203,"column":8},"end":{"line":203,"column":8}}]},"20":{"line":207,"type":"if","locations":[{"start":{"line":207,"column":8},"end":{"line":207,"column":8}},{"start":{"line":207,"column":8},"end":{"line":207,"column":8}}]}}},"/Users/tommy/alexa-plex/lib/statemachine.js":{"path":"/Users/tommy/alexa-plex/lib/statemachine.js","s":{"1":1,"2":1,"3":1,"4":44,"5":0,"6":44,"7":44,"8":44,"9":44,"10":609,"11":44,"12":44,"13":44,"14":1,"15":44,"16":44,"17":0,"18":1,"19":44,"20":44,"21":1,"22":1,"23":1,"24":7,"25":7,"26":7,"27":1},"b":{"1":[0,44],"2":[44,0],"3":[44,0],"4":[44,0],"5":[1,43]},"f":{"1":44,"2":609,"3":44,"4":44,"5":7},"fnMap":{"1":{"name":"(anonymous_1)","line":8,"loc":{"start":{"line":8,"column":21},"end":{"line":8,"column":42}}},"2":{"name":"(anonymous_2)","line":21,"loc":{"start":{"line":21,"column":33},"end":{"line":21,"column":55}}},"3":{"name":"runSetup","line":32,"loc":{"start":{"line":32,"column":0},"end":{"line":32,"column":30}}},"4":{"name":"appPre","line":40,"loc":{"start":{"line":40,"column":0},"end":{"line":40,"column":41}}},"5":{"name":"appError","line":50,"loc":{"start":{"line":50,"column":0},"end":{"line":50,"column":44}}}},"statementMap":{"1":{"start":{"line":1,"column":0},"end":{"line":1,"column":21}},"2":{"start":{"line":3,"column":0},"end":{"line":6,"column":2}},"3":{"start":{"line":8,"column":0},"end":{"line":30,"column":2}},"4":{"start":{"line":9,"column":4},"end":{"line":11,"column":5}},"5":{"start":{"line":10,"column":8},"end":{"line":10,"column":77}},"6":{"start":{"line":15,"column":4},"end":{"line":15,"column":27}},"7":{"start":{"line":16,"column":4},"end":{"line":16,"column":31}},"8":{"start":{"line":19,"column":4},"end":{"line":19,"column":43}},"9":{"start":{"line":21,"column":4},"end":{"line":23,"column":7}},"10":{"start":{"line":22,"column":8},"end":{"line":22,"column":58}},"11":{"start":{"line":25,"column":4},"end":{"line":27,"column":5}},"12":{"start":{"line":26,"column":8},"end":{"line":26,"column":50}},"13":{"start":{"line":29,"column":4},"end":{"line":29,"column":32}},"14":{"start":{"line":32,"column":0},"end":{"line":38,"column":1}},"15":{"start":{"line":33,"column":4},"end":{"line":37,"column":5}},"16":{"start":{"line":34,"column":8},"end":{"line":34,"column":40}},"17":{"start":{"line":36,"column":8},"end":{"line":36,"column":27}},"18":{"start":{"line":40,"column":0},"end":{"line":48,"column":1}},"19":{"start":{"line":41,"column":4},"end":{"line":47,"column":5}},"20":{"start":{"line":42,"column":8},"end":{"line":46,"column":9}},"21":{"start":{"line":44,"column":12},"end":{"line":44,"column":148}},"22":{"start":{"line":45,"column":12},"end":{"line":45,"column":28}},"23":{"start":{"line":50,"column":0},"end":{"line":58,"column":1}},"24":{"start":{"line":51,"column":4},"end":{"line":51,"column":25}},"25":{"start":{"line":52,"column":4},"end":{"line":52,"column":31}},"26":{"start":{"line":54,"column":4},"end":{"line":57,"column":16}},"27":{"start":{"line":60,"column":0},"end":{"line":60,"column":47}}},"branchMap":{"1":{"line":9,"type":"if","locations":[{"start":{"line":9,"column":4},"end":{"line":9,"column":4}},{"start":{"line":9,"column":4},"end":{"line":9,"column":4}}]},"2":{"line":25,"type":"if","locations":[{"start":{"line":25,"column":4},"end":{"line":25,"column":4}},{"start":{"line":25,"column":4},"end":{"line":25,"column":4}}]},"3":{"line":33,"type":"if","locations":[{"start":{"line":33,"column":4},"end":{"line":33,"column":4}},{"start":{"line":33,"column":4},"end":{"line":33,"column":4}}]},"4":{"line":41,"type":"if","locations":[{"start":{"line":41,"column":4},"end":{"line":41,"column":4}},{"start":{"line":41,"column":4},"end":{"line":41,"column":4}}]},"5":{"line":42,"type":"if","locations":[{"start":{"line":42,"column":8},"end":{"line":42,"column":8}},{"start":{"line":42,"column":8},"end":{"line":42,"column":8}}]}}},"/Users/tommy/alexa-plex/lib/states/authed.js":{"path":"/Users/tommy/alexa-plex/lib/states/authed.js","s":{"1":1,"2":1,"3":1,"4":43,"5":1,"6":1,"7":1,"8":1,"9":0,"10":0,"11":1,"12":0,"13":0,"14":0,"15":0,"16":0,"17":0,"18":0,"19":0,"20":1,"21":3,"22":3,"23":2,"24":1,"25":1,"26":1,"27":1,"28":1,"29":3,"30":1,"31":9,"32":9,"33":9,"34":1,"35":1,"36":8,"37":7,"38":1,"39":8,"40":1,"41":4,"42":4,"43":4,"44":1,"45":1,"46":3,"47":2,"48":1,"49":3,"50":1,"51":8,"52":8,"53":8,"54":8,"55":8,"56":1,"57":1,"58":7,"59":6,"60":1,"61":7,"62":1,"63":4,"64":4,"65":4,"66":1,"67":1,"68":3,"69":2,"70":1,"71":3,"72":1,"73":6,"74":6,"75":6,"76":1,"77":1,"78":5,"79":3,"80":2,"81":1,"82":2,"83":1,"84":1,"85":1,"86":1,"87":3,"88":1,"89":7,"90":7,"91":7,"92":1,"93":1,"94":6,"95":1,"96":5,"97":4,"98":3,"99":1,"100":1,"101":1,"102":1,"103":4,"104":1},"b":{"1":[0,0],"2":[1,1],"3":[1,8],"4":[1,3],"5":[1,7],"6":[1,3],"7":[1,5],"8":[3,2],"9":[3,2],"10":[1,1],"11":[1,6],"12":[1,5],"13":[4,1],"14":[4,2]},"f":{"1":43,"2":1,"3":0,"4":0,"5":0,"6":0,"7":3,"8":2,"9":1,"10":9,"11":7,"12":1,"13":4,"14":2,"15":1,"16":8,"17":6,"18":1,"19":4,"20":2,"21":1,"22":6,"23":2,"24":1,"25":7,"26":3,"27":1},"fnMap":{"1":{"name":"(anonymous_1)","line":8,"loc":{"start":{"line":8,"column":12},"end":{"line":8,"column":26}}},"2":{"name":"(anonymous_2)","line":13,"loc":{"start":{"line":13,"column":13},"end":{"line":13,"column":40}}},"3":{"name":"(anonymous_3)","line":18,"loc":{"start":{"line":18,"column":20},"end":{"line":18,"column":48}}},"4":{"name":"(anonymous_4)","line":23,"loc":{"start":{"line":23,"column":18},"end":{"line":23,"column":46}}},"5":{"name":"(anonymous_5)","line":25,"loc":{"start":{"line":25,"column":38},"end":{"line":25,"column":56}}},"6":{"name":"(anonymous_6)","line":34,"loc":{"start":{"line":34,"column":13},"end":{"line":34,"column":27}}},"7":{"name":"(anonymous_7)","line":41,"loc":{"start":{"line":41,"column":19},"end":{"line":41,"column":47}}},"8":{"name":"(anonymous_8)","line":45,"loc":{"start":{"line":45,"column":14},"end":{"line":45,"column":33}}},"9":{"name":"(anonymous_9)","line":56,"loc":{"start":{"line":56,"column":17},"end":{"line":56,"column":31}}},"10":{"name":"(anonymous_10)","line":63,"loc":{"start":{"line":63,"column":22},"end":{"line":63,"column":49}}},"11":{"name":"(anonymous_11)","line":76,"loc":{"start":{"line":76,"column":22},"end":{"line":76,"column":33}}},"12":{"name":"(anonymous_12)","line":78,"loc":{"start":{"line":78,"column":13},"end":{"line":78,"column":27}}},"13":{"name":"(anonymous_13)","line":85,"loc":{"start":{"line":85,"column":28},"end":{"line":85,"column":55}}},"14":{"name":"(anonymous_14)","line":99,"loc":{"start":{"line":99,"column":22},"end":{"line":99,"column":33}}},"15":{"name":"(anonymous_15)","line":101,"loc":{"start":{"line":101,"column":13},"end":{"line":101,"column":27}}},"16":{"name":"(anonymous_16)","line":108,"loc":{"start":{"line":108,"column":33},"end":{"line":108,"column":60}}},"17":{"name":"(anonymous_17)","line":126,"loc":{"start":{"line":126,"column":22},"end":{"line":126,"column":33}}},"18":{"name":"(anonymous_18)","line":128,"loc":{"start":{"line":128,"column":13},"end":{"line":128,"column":27}}},"19":{"name":"(anonymous_19)","line":135,"loc":{"start":{"line":135,"column":34},"end":{"line":135,"column":61}}},"20":{"name":"(anonymous_20)","line":151,"loc":{"start":{"line":151,"column":22},"end":{"line":151,"column":33}}},"21":{"name":"(anonymous_21)","line":153,"loc":{"start":{"line":153,"column":13},"end":{"line":153,"column":27}}},"22":{"name":"(anonymous_22)","line":160,"loc":{"start":{"line":160,"column":16},"end":{"line":160,"column":43}}},"23":{"name":"(anonymous_23)","line":174,"loc":{"start":{"line":174,"column":16},"end":{"line":174,"column":27}}},"24":{"name":"(anonymous_24)","line":176,"loc":{"start":{"line":176,"column":17},"end":{"line":176,"column":31}}},"25":{"name":"(anonymous_25)","line":190,"loc":{"start":{"line":190,"column":15},"end":{"line":190,"column":42}}},"26":{"name":"(anonymous_26)","line":206,"loc":{"start":{"line":206,"column":16},"end":{"line":206,"column":27}}},"27":{"name":"(anonymous_27)","line":208,"loc":{"start":{"line":208,"column":17},"end":{"line":208,"column":31}}}},"statementMap":{"1":{"start":{"line":5,"column":0},"end":{"line":5,"column":32}},"2":{"start":{"line":6,"column":0},"end":{"line":6,"column":40}},"3":{"start":{"line":8,"column":0},"end":{"line":11,"column":2}},"4":{"start":{"line":10,"column":4},"end":{"line":10,"column":36}},"5":{"start":{"line":13,"column":0},"end":{"line":16,"column":2}},"6":{"start":{"line":14,"column":4},"end":{"line":14,"column":41}},"7":{"start":{"line":15,"column":4},"end":{"line":15,"column":37}},"8":{"start":{"line":18,"column":0},"end":{"line":21,"column":2}},"9":{"start":{"line":19,"column":4},"end":{"line":19,"column":76}},"10":{"start":{"line":20,"column":4},"end":{"line":20,"column":71}},"11":{"start":{"line":23,"column":0},"end":{"line":39,"column":2}},"12":{"start":{"line":24,"column":4},"end":{"line":24,"column":37}},"13":{"start":{"line":25,"column":4},"end":{"line":36,"column":7}},"14":{"start":{"line":26,"column":8},"end":{"line":32,"column":9}},"15":{"start":{"line":27,"column":12},"end":{"line":29,"column":70}},"16":{"start":{"line":31,"column":12},"end":{"line":31,"column":141}},"17":{"start":{"line":33,"column":8},"end":{"line":33,"column":24}},"18":{"start":{"line":35,"column":8},"end":{"line":35,"column":48}},"19":{"start":{"line":38,"column":4},"end":{"line":38,"column":17}},"20":{"start":{"line":41,"column":0},"end":{"line":61,"column":2}},"21":{"start":{"line":42,"column":4},"end":{"line":42,"column":37}},"22":{"start":{"line":43,"column":4},"end":{"line":58,"column":7}},"23":{"start":{"line":46,"column":12},"end":{"line":48,"column":13}},"24":{"start":{"line":47,"column":16},"end":{"line":47,"column":81}},"25":{"start":{"line":50,"column":12},"end":{"line":50,"column":51}},"26":{"start":{"line":51,"column":12},"end":{"line":51,"column":93}},"27":{"start":{"line":53,"column":12},"end":{"line":55,"column":24}},"28":{"start":{"line":57,"column":8},"end":{"line":57,"column":48}},"29":{"start":{"line":60,"column":4},"end":{"line":60,"column":17}},"30":{"start":{"line":63,"column":0},"end":{"line":83,"column":2}},"31":{"start":{"line":64,"column":4},"end":{"line":64,"column":37}},"32":{"start":{"line":65,"column":4},"end":{"line":65,"column":50}},"33":{"start":{"line":67,"column":4},"end":{"line":71,"column":5}},"34":{"start":{"line":69,"column":8},"end":{"line":69,"column":42}},"35":{"start":{"line":70,"column":8},"end":{"line":70,"column":31}},"36":{"start":{"line":73,"column":4},"end":{"line":80,"column":7}},"37":{"start":{"line":77,"column":8},"end":{"line":77,"column":24}},"38":{"start":{"line":79,"column":8},"end":{"line":79,"column":48}},"39":{"start":{"line":82,"column":4},"end":{"line":82,"column":17}},"40":{"start":{"line":85,"column":0},"end":{"line":106,"column":2}},"41":{"start":{"line":86,"column":4},"end":{"line":86,"column":37}},"42":{"start":{"line":87,"column":4},"end":{"line":87,"column":50}},"43":{"start":{"line":89,"column":4},"end":{"line":93,"column":5}},"44":{"start":{"line":91,"column":8},"end":{"line":91,"column":42}},"45":{"start":{"line":92,"column":8},"end":{"line":92,"column":31}},"46":{"start":{"line":95,"column":4},"end":{"line":103,"column":7}},"47":{"start":{"line":100,"column":8},"end":{"line":100,"column":24}},"48":{"start":{"line":102,"column":8},"end":{"line":102,"column":48}},"49":{"start":{"line":105,"column":4},"end":{"line":105,"column":17}},"50":{"start":{"line":108,"column":0},"end":{"line":133,"column":2}},"51":{"start":{"line":109,"column":4},"end":{"line":109,"column":37}},"52":{"start":{"line":111,"column":4},"end":{"line":111,"column":50}},"53":{"start":{"line":112,"column":4},"end":{"line":112,"column":60}},"54":{"start":{"line":113,"column":4},"end":{"line":113,"column":58}},"55":{"start":{"line":115,"column":4},"end":{"line":119,"column":5}},"56":{"start":{"line":117,"column":8},"end":{"line":117,"column":42}},"57":{"start":{"line":118,"column":8},"end":{"line":118,"column":31}},"58":{"start":{"line":121,"column":4},"end":{"line":130,"column":7}},"59":{"start":{"line":127,"column":8},"end":{"line":127,"column":24}},"60":{"start":{"line":129,"column":8},"end":{"line":129,"column":48}},"61":{"start":{"line":132,"column":4},"end":{"line":132,"column":17}},"62":{"start":{"line":135,"column":0},"end":{"line":158,"column":2}},"63":{"start":{"line":136,"column":4},"end":{"line":136,"column":37}},"64":{"start":{"line":138,"column":4},"end":{"line":138,"column":50}},"65":{"start":{"line":140,"column":4},"end":{"line":144,"column":5}},"66":{"start":{"line":142,"column":8},"end":{"line":142,"column":42}},"67":{"start":{"line":143,"column":8},"end":{"line":143,"column":31}},"68":{"start":{"line":146,"column":4},"end":{"line":155,"column":7}},"69":{"start":{"line":152,"column":8},"end":{"line":152,"column":24}},"70":{"start":{"line":154,"column":8},"end":{"line":154,"column":48}},"71":{"start":{"line":157,"column":4},"end":{"line":157,"column":17}},"72":{"start":{"line":160,"column":0},"end":{"line":188,"column":2}},"73":{"start":{"line":161,"column":4},"end":{"line":161,"column":37}},"74":{"start":{"line":162,"column":4},"end":{"line":162,"column":51}},"75":{"start":{"line":164,"column":4},"end":{"line":167,"column":5}},"76":{"start":{"line":165,"column":8},"end":{"line":165,"column":81}},"77":{"start":{"line":166,"column":8},"end":{"line":166,"column":31}},"78":{"start":{"line":169,"column":4},"end":{"line":185,"column":5}},"79":{"start":{"line":170,"column":8},"end":{"line":178,"column":11}},"80":{"start":{"line":175,"column":12},"end":{"line":175,"column":63}},"81":{"start":{"line":177,"column":12},"end":{"line":177,"column":52}},"82":{"start":{"line":179,"column":11},"end":{"line":185,"column":5}},"83":{"start":{"line":180,"column":8},"end":{"line":180,"column":59}},"84":{"start":{"line":182,"column":8},"end":{"line":182,"column":64}},"85":{"start":{"line":183,"column":8},"end":{"line":183,"column":32}},"86":{"start":{"line":184,"column":8},"end":{"line":184,"column":31}},"87":{"start":{"line":187,"column":4},"end":{"line":187,"column":17}},"88":{"start":{"line":190,"column":0},"end":{"line":218,"column":2}},"89":{"start":{"line":191,"column":4},"end":{"line":191,"column":37}},"90":{"start":{"line":192,"column":4},"end":{"line":192,"column":51}},"91":{"start":{"line":194,"column":4},"end":{"line":197,"column":5}},"92":{"start":{"line":195,"column":8},"end":{"line":195,"column":80}},"93":{"start":{"line":196,"column":8},"end":{"line":196,"column":31}},"94":{"start":{"line":199,"column":4},"end":{"line":215,"column":5}},"95":{"start":{"line":200,"column":8},"end":{"line":200,"column":58}},"96":{"start":{"line":201,"column":11},"end":{"line":215,"column":5}},"97":{"start":{"line":202,"column":8},"end":{"line":210,"column":11}},"98":{"start":{"line":207,"column":12},"end":{"line":207,"column":62}},"99":{"start":{"line":209,"column":12},"end":{"line":209,"column":52}},"100":{"start":{"line":212,"column":8},"end":{"line":212,"column":63}},"101":{"start":{"line":213,"column":8},"end":{"line":213,"column":32}},"102":{"start":{"line":214,"column":8},"end":{"line":214,"column":31}},"103":{"start":{"line":217,"column":4},"end":{"line":217,"column":17}},"104":{"start":{"line":220,"column":0},"end":{"line":243,"column":2}}},"branchMap":{"1":{"line":26,"type":"if","locations":[{"start":{"line":26,"column":8},"end":{"line":26,"column":8}},{"start":{"line":26,"column":8},"end":{"line":26,"column":8}}]},"2":{"line":46,"type":"if","locations":[{"start":{"line":46,"column":12},"end":{"line":46,"column":12}},{"start":{"line":46,"column":12},"end":{"line":46,"column":12}}]},"3":{"line":67,"type":"if","locations":[{"start":{"line":67,"column":4},"end":{"line":67,"column":4}},{"start":{"line":67,"column":4},"end":{"line":67,"column":4}}]},"4":{"line":89,"type":"if","locations":[{"start":{"line":89,"column":4},"end":{"line":89,"column":4}},{"start":{"line":89,"column":4},"end":{"line":89,"column":4}}]},"5":{"line":115,"type":"if","locations":[{"start":{"line":115,"column":4},"end":{"line":115,"column":4}},{"start":{"line":115,"column":4},"end":{"line":115,"column":4}}]},"6":{"line":140,"type":"if","locations":[{"start":{"line":140,"column":4},"end":{"line":140,"column":4}},{"start":{"line":140,"column":4},"end":{"line":140,"column":4}}]},"7":{"line":164,"type":"if","locations":[{"start":{"line":164,"column":4},"end":{"line":164,"column":4}},{"start":{"line":164,"column":4},"end":{"line":164,"column":4}}]},"8":{"line":169,"type":"if","locations":[{"start":{"line":169,"column":4},"end":{"line":169,"column":4}},{"start":{"line":169,"column":4},"end":{"line":169,"column":4}}]},"9":{"line":173,"type":"binary-expr","locations":[{"start":{"line":173,"column":20},"end":{"line":173,"column":42}},{"start":{"line":173,"column":46},"end":{"line":173,"column":47}}]},"10":{"line":179,"type":"if","locations":[{"start":{"line":179,"column":11},"end":{"line":179,"column":11}},{"start":{"line":179,"column":11},"end":{"line":179,"column":11}}]},"11":{"line":194,"type":"if","locations":[{"start":{"line":194,"column":4},"end":{"line":194,"column":4}},{"start":{"line":194,"column":4},"end":{"line":194,"column":4}}]},"12":{"line":199,"type":"if","locations":[{"start":{"line":199,"column":4},"end":{"line":199,"column":4}},{"start":{"line":199,"column":4},"end":{"line":199,"column":4}}]},"13":{"line":201,"type":"if","locations":[{"start":{"line":201,"column":11},"end":{"line":201,"column":11}},{"start":{"line":201,"column":11},"end":{"line":201,"column":11}}]},"14":{"line":205,"type":"binary-expr","locations":[{"start":{"line":205,"column":20},"end":{"line":205,"column":44}},{"start":{"line":205,"column":48},"end":{"line":205,"column":49}}]}}},"/Users/tommy/alexa-plex/lib/states/common-intents.js":{"path":"/Users/tommy/alexa-plex/lib/states/common-intents.js","s":{"1":1,"2":0,"3":1},"b":{},"f":{"1":0},"fnMap":{"1":{"name":"(anonymous_1)","line":6,"loc":{"start":{"line":6,"column":21},"end":{"line":6,"column":49}}}},"statementMap":{"1":{"start":{"line":6,"column":0},"end":{"line":8,"column":2}},"2":{"start":{"line":7,"column":4},"end":{"line":7,"column":135}},"3":{"start":{"line":10,"column":0},"end":{"line":12,"column":2}}},"branchMap":{}},"/Users/tommy/alexa-plex/lib/states/not-authed.js":{"path":"/Users/tommy/alexa-plex/lib/states/not-authed.js","s":{"1":1,"2":1,"3":1,"4":1,"5":1,"6":0,"7":0,"8":1,"9":1,"10":1,"11":1,"12":1,"13":0,"14":1,"15":1,"16":1,"17":0,"18":0,"19":0,"20":0,"21":0,"22":0,"23":0,"24":0,"25":0,"26":1,"27":0,"28":0,"29":0,"30":0,"31":0,"32":0,"33":0,"34":0,"35":1,"36":0,"37":0,"38":0,"39":0,"40":0,"41":0,"42":0,"43":1,"44":0,"45":0,"46":0,"47":0,"48":0,"49":0,"50":0,"51":0,"52":0,"53":0,"54":0,"55":0,"56":0,"57":0,"58":0,"59":0,"60":0,"61":0,"62":1},"b":{"1":[0,1],"2":[0,0],"3":[0,0],"4":[0,0],"5":[0,0],"6":[0,0]},"f":{"1":0,"2":0,"3":1,"4":1,"5":0,"6":0,"7":0,"8":0,"9":0,"10":0,"11":0,"12":0,"13":0,"14":0,"15":0,"16":0,"17":0,"18":0},"fnMap":{"1":{"name":"generateSpokenPin","line":19,"loc":{"start":{"line":19,"column":0},"end":{"line":19,"column":32}}},"2":{"name":"(anonymous_2)","line":20,"loc":{"start":{"line":20,"column":34},"end":{"line":20,"column":50}}},"3":{"name":"(anonymous_3)","line":25,"loc":{"start":{"line":25,"column":12},"end":{"line":25,"column":23}}},"4":{"name":"(anonymous_4)","line":29,"loc":{"start":{"line":29,"column":18},"end":{"line":29,"column":46}}},"5":{"name":"(anonymous_5)","line":44,"loc":{"start":{"line":44,"column":18},"end":{"line":44,"column":42}}},"6":{"name":"(anonymous_6)","line":45,"loc":{"start":{"line":45,"column":38},"end":{"line":45,"column":52}}},"7":{"name":"(anonymous_7)","line":46,"loc":{"start":{"line":46,"column":41},"end":{"line":46,"column":52}}},"8":{"name":"(anonymous_8)","line":58,"loc":{"start":{"line":58,"column":13},"end":{"line":58,"column":27}}},"9":{"name":"(anonymous_9)","line":63,"loc":{"start":{"line":63,"column":17},"end":{"line":63,"column":41}}},"10":{"name":"(anonymous_10)","line":64,"loc":{"start":{"line":64,"column":38},"end":{"line":64,"column":52}}},"11":{"name":"(anonymous_11)","line":65,"loc":{"start":{"line":65,"column":41},"end":{"line":65,"column":52}}},"12":{"name":"(anonymous_12)","line":75,"loc":{"start":{"line":75,"column":13},"end":{"line":75,"column":27}}},"13":{"name":"(anonymous_13)","line":80,"loc":{"start":{"line":80,"column":21},"end":{"line":80,"column":45}}},"14":{"name":"(anonymous_14)","line":92,"loc":{"start":{"line":92,"column":18},"end":{"line":92,"column":46}}},"15":{"name":"(anonymous_15)","line":96,"loc":{"start":{"line":96,"column":55},"end":{"line":96,"column":77}}},"16":{"name":"(anonymous_16)","line":102,"loc":{"start":{"line":102,"column":74},"end":{"line":102,"column":85}}},"17":{"name":"(anonymous_17)","line":103,"loc":{"start":{"line":103,"column":54},"end":{"line":103,"column":65}}},"18":{"name":"(anonymous_18)","line":110,"loc":{"start":{"line":110,"column":25},"end":{"line":110,"column":39}}}},"statementMap":{"1":{"start":{"line":5,"column":0},"end":{"line":5,"column":26}},"2":{"start":{"line":6,"column":0},"end":{"line":6,"column":40}},"3":{"start":{"line":7,"column":0},"end":{"line":7,"column":21}},"4":{"start":{"line":9,"column":0},"end":{"line":11,"column":2}},"5":{"start":{"line":19,"column":0},"end":{"line":23,"column":1}},"6":{"start":{"line":20,"column":4},"end":{"line":22,"column":42}},"7":{"start":{"line":21,"column":8},"end":{"line":21,"column":86}},"8":{"start":{"line":25,"column":0},"end":{"line":27,"column":2}},"9":{"start":{"line":26,"column":4},"end":{"line":26,"column":23}},"10":{"start":{"line":29,"column":0},"end":{"line":42,"column":2}},"11":{"start":{"line":30,"column":4},"end":{"line":30,"column":37}},"12":{"start":{"line":32,"column":4},"end":{"line":39,"column":5}},"13":{"start":{"line":34,"column":8},"end":{"line":34,"column":39}},"14":{"start":{"line":36,"column":8},"end":{"line":38,"column":67}},"15":{"start":{"line":41,"column":4},"end":{"line":41,"column":17}},"16":{"start":{"line":44,"column":0},"end":{"line":61,"column":2}},"17":{"start":{"line":45,"column":4},"end":{"line":60,"column":7}},"18":{"start":{"line":46,"column":8},"end":{"line":57,"column":11}},"19":{"start":{"line":47,"column":12},"end":{"line":47,"column":51}},"20":{"start":{"line":49,"column":12},"end":{"line":51,"column":76}},"21":{"start":{"line":52,"column":12},"end":{"line":53,"column":102}},"22":{"start":{"line":54,"column":12},"end":{"line":54,"column":133}},"23":{"start":{"line":55,"column":12},"end":{"line":55,"column":45}},"24":{"start":{"line":56,"column":12},"end":{"line":56,"column":28}},"25":{"start":{"line":59,"column":8},"end":{"line":59,"column":48}},"26":{"start":{"line":63,"column":0},"end":{"line":78,"column":2}},"27":{"start":{"line":64,"column":4},"end":{"line":77,"column":7}},"28":{"start":{"line":65,"column":8},"end":{"line":74,"column":11}},"29":{"start":{"line":66,"column":12},"end":{"line":66,"column":51}},"30":{"start":{"line":68,"column":12},"end":{"line":69,"column":62}},"31":{"start":{"line":70,"column":12},"end":{"line":71,"column":98}},"32":{"start":{"line":72,"column":12},"end":{"line":72,"column":133}},"33":{"start":{"line":73,"column":12},"end":{"line":73,"column":28}},"34":{"start":{"line":76,"column":8},"end":{"line":76,"column":48}},"35":{"start":{"line":80,"column":0},"end":{"line":90,"column":2}},"36":{"start":{"line":81,"column":4},"end":{"line":81,"column":27}},"37":{"start":{"line":82,"column":4},"end":{"line":82,"column":43}},"38":{"start":{"line":84,"column":4},"end":{"line":85,"column":42}},"39":{"start":{"line":86,"column":4},"end":{"line":86,"column":63}},"40":{"start":{"line":87,"column":4},"end":{"line":87,"column":125}},"41":{"start":{"line":88,"column":4},"end":{"line":88,"column":37}},"42":{"start":{"line":89,"column":4},"end":{"line":89,"column":20}},"43":{"start":{"line":92,"column":0},"end":{"line":124,"column":2}},"44":{"start":{"line":93,"column":4},"end":{"line":93,"column":37}},"45":{"start":{"line":95,"column":4},"end":{"line":121,"column":5}},"46":{"start":{"line":96,"column":8},"end":{"line":118,"column":10}},"47":{"start":{"line":97,"column":12},"end":{"line":100,"column":13}},"48":{"start":{"line":98,"column":16},"end":{"line":98,"column":56}},"49":{"start":{"line":99,"column":16},"end":{"line":99,"column":23}},"50":{"start":{"line":101,"column":12},"end":{"line":117,"column":13}},"51":{"start":{"line":102,"column":16},"end":{"line":112,"column":19}},"52":{"start":{"line":103,"column":20},"end":{"line":109,"column":23}},"53":{"start":{"line":104,"column":24},"end":{"line":107,"column":84}},"54":{"start":{"line":108,"column":24},"end":{"line":108,"column":47}},"55":{"start":{"line":111,"column":20},"end":{"line":111,"column":60}},"56":{"start":{"line":113,"column":19},"end":{"line":117,"column":13}},"57":{"start":{"line":114,"column":16},"end":{"line":114,"column":46}},"58":{"start":{"line":115,"column":19},"end":{"line":117,"column":13}},"59":{"start":{"line":116,"column":16},"end":{"line":116,"column":42}},"60":{"start":{"line":120,"column":8},"end":{"line":120,"column":35}},"61":{"start":{"line":123,"column":4},"end":{"line":123,"column":17}},"62":{"start":{"line":126,"column":0},"end":{"line":139,"column":2}}},"branchMap":{"1":{"line":32,"type":"if","locations":[{"start":{"line":32,"column":4},"end":{"line":32,"column":4}},{"start":{"line":32,"column":4},"end":{"line":32,"column":4}}]},"2":{"line":95,"type":"if","locations":[{"start":{"line":95,"column":4},"end":{"line":95,"column":4}},{"start":{"line":95,"column":4},"end":{"line":95,"column":4}}]},"3":{"line":97,"type":"if","locations":[{"start":{"line":97,"column":12},"end":{"line":97,"column":12}},{"start":{"line":97,"column":12},"end":{"line":97,"column":12}}]},"4":{"line":101,"type":"if","locations":[{"start":{"line":101,"column":12},"end":{"line":101,"column":12}},{"start":{"line":101,"column":12},"end":{"line":101,"column":12}}]},"5":{"line":113,"type":"if","locations":[{"start":{"line":113,"column":19},"end":{"line":113,"column":19}},{"start":{"line":113,"column":19},"end":{"line":113,"column":19}}]},"6":{"line":115,"type":"if","locations":[{"start":{"line":115,"column":19},"end":{"line":115,"column":19}},{"start":{"line":115,"column":19},"end":{"line":115,"column":19}}]}}}}