TN:
SF:/Users/tommy/alexa-plex/lib/plex.js
FN:29,(anonymous_1)
FN:63,(anonymous_2)
FN:79,(anonymous_3)
FN:94,(anonymous_4)
FN:111,(anonymous_5)
FN:133,(anonymous_6)
FNF:6
FNH:4
FNDA:44,(anonymous_1)
FNDA:53,(anonymous_2)
FNDA:0,(anonymous_3)
FNDA:44,(anonymous_4)
FNDA:31,(anonymous_5)
FNDA:0,(anonymous_6)
DA:6,1
DA:7,1
DA:9,1
DA:16,1
DA:29,1
DA:30,44
DA:37,44
DA:43,44
DA:49,44
DA:54,44
DA:55,44
DA:62,44
DA:64,53
DA:65,31
DA:66,0
DA:69,53
DA:78,44
DA:80,0
DA:81,0
DA:82,0
DA:85,0
DA:94,1
DA:95,44
DA:103,44
DA:111,1
DA:112,31
DA:114,31
DA:115,0
DA:118,31
DA:126,31
DA:133,1
DA:134,0
DA:137,1
LF:33
LH:26
BRDA:64,1,0,31
BRDA:64,1,1,22
BRDA:65,2,0,0
BRDA:65,2,1,31
BRDA:80,3,0,0
BRDA:80,3,1,0
BRDA:81,4,0,0
BRDA:81,4,1,0
BRDA:114,5,0,0
BRDA:114,5,1,31
BRF:10
BRH:4
end_of_record
TN:
SF:/Users/tommy/alexa-plex/index.js
FN:12,(anonymous_1)
FNF:1
FNH:1
FNDA:44,(anonymous_1)
DA:4,1
DA:5,1
DA:12,1
DA:13,44
DA:14,44
DA:15,44
DA:16,43
DA:17,43
DA:21,44
DA:22,44
LF:10
LH:10
BRDA:15,1,0,43
BRDA:15,1,1,1
BRDA:16,2,0,43
BRDA:16,2,1,0
BRF:4
BRH:3
end_of_record
TN:
SF:/Users/tommy/alexa-plex/lib/app.js
FN:17,(anonymous_1)
FN:42,(anonymous_2)
FN:44,(anonymous_3)
FN:53,(anonymous_4)
FN:59,(anonymous_5)
FNF:5
FNH:4
FNDA:44,(anonymous_1)
FNDA:44,(anonymous_2)
FNDA:44,(anonymous_3)
FNDA:44,(anonymous_4)
FNDA:0,(anonymous_5)
DA:6,1
DA:7,1
DA:9,1
DA:10,1
DA:17,1
DA:18,44
DA:21,44
DA:23,44
DA:26,44
DA:32,44
DA:39,44
DA:42,1
DA:43,44
DA:44,44
DA:45,44
DA:46,44
DA:48,44
DA:49,1
DA:51,43
DA:57,44
DA:58,44
DA:60,0
DA:61,0
DA:65,1
LF:24
LH:22
BRDA:48,1,0,1
BRDA:48,1,1,43
BRF:2
BRH:2
end_of_record
TN:
SF:/Users/tommy/alexa-plex/lib/user.js
FN:14,(anonymous_1)
FN:26,(anonymous_2)
FN:29,(anonymous_3)
FN:35,(anonymous_4)
FN:41,(anonymous_5)
FN:46,(anonymous_6)
FN:51,(anonymous_7)
FN:60,(anonymous_8)
FN:66,(anonymous_9)
FN:76,(anonymous_10)
FN:81,(anonymous_11)
FN:91,(anonymous_12)
FN:96,(anonymous_13)
FN:106,(anonymous_14)
FN:111,(anonymous_15)
FN:121,(anonymous_16)
FN:127,(anonymous_17)
FN:133,(anonymous_18)
FN:139,(anonymous_19)
FN:145,(anonymous_20)
FN:156,(anonymous_21)
FN:160,(anonymous_22)
FN:162,(anonymous_23)
FN:177,(anonymous_24)
FN:181,(anonymous_25)
FN:183,(anonymous_26)
FN:197,(anonymous_27)
FN:201,(anonymous_28)
FN:203,(anonymous_29)
FN:217,(anonymous_30)
FN:220,(anonymous_31)
FN:223,(anonymous_32)
FNF:32
FNH:24
FNDA:44,(anonymous_1)
FNDA:88,(anonymous_2)
FNDA:0,(anonymous_3)
FNDA:43,(anonymous_4)
FNDA:24,(anonymous_5)
FNDA:96,(anonymous_6)
FNDA:24,(anonymous_7)
FNDA:74,(anonymous_8)
FNDA:0,(anonymous_9)
FNDA:31,(anonymous_10)
FNDA:62,(anonymous_11)
FNDA:31,(anonymous_12)
FNDA:62,(anonymous_13)
FNDA:31,(anonymous_14)
FNDA:62,(anonymous_15)
FNDA:16,(anonymous_16)
FNDA:43,(anonymous_17)
FNDA:21,(anonymous_18)
FNDA:16,(anonymous_19)
FNDA:1,(anonymous_20)
FNDA:43,(anonymous_21)
FNDA:0,(anonymous_22)
FNDA:0,(anonymous_23)
FNDA:43,(anonymous_24)
FNDA:0,(anonymous_25)
FNDA:0,(anonymous_26)
FNDA:43,(anonymous_27)
FNDA:0,(anonymous_28)
FNDA:0,(anonymous_29)
FNDA:43,(anonymous_30)
FNDA:43,(anonymous_31)
FNDA:43,(anonymous_32)
DA:5,1
DA:6,1
DA:7,1
DA:8,1
DA:14,1
DA:15,44
DA:22,44
DA:24,44
DA:25,44
DA:27,88
DA:30,0
DA:34,44
DA:36,43
DA:40,44
DA:42,24
DA:43,0
DA:46,24
DA:47,96
DA:51,24
DA:52,24
DA:55,24
DA:59,44
DA:61,74
DA:65,44
DA:67,0
DA:68,0
DA:71,0
DA:75,44
DA:77,31
DA:78,0
DA:81,31
DA:82,62
DA:85,31
DA:86,31
DA:90,44
DA:92,31
DA:93,0
DA:96,31
DA:97,62
DA:100,31
DA:101,31
DA:105,44
DA:107,31
DA:108,0
DA:111,31
DA:112,62
DA:115,31
DA:116,31
DA:120,44
DA:122,16
DA:126,44
DA:128,43
DA:132,44
DA:134,21
DA:138,44
DA:140,16
DA:144,44
DA:146,1
DA:156,1
DA:157,43
DA:158,43
DA:159,0
DA:161,0
DA:163,0
DA:168,43
DA:177,1
DA:178,43
DA:179,43
DA:180,0
DA:182,0
DA:184,0
DA:189,43
DA:197,1
DA:198,43
DA:199,43
DA:200,0
DA:202,0
DA:204,0
DA:209,43
DA:217,1
DA:218,43
DA:219,43
DA:222,43
DA:224,43
DA:229,1
LF:85
LH:68
BRDA:42,1,0,0
BRDA:42,1,1,24
BRDA:67,2,0,0
BRDA:67,2,1,0
BRDA:77,3,0,0
BRDA:77,3,1,31
BRDA:92,4,0,0
BRDA:92,4,1,31
BRDA:107,5,0,0
BRDA:107,5,1,31
BRDA:158,6,0,0
BRDA:158,6,1,43
BRDA:158,7,0,43
BRDA:158,7,1,43
BRDA:179,8,0,0
BRDA:179,8,1,43
BRDA:179,9,0,43
BRDA:179,9,1,43
BRDA:199,10,0,0
BRDA:199,10,1,43
BRDA:199,11,0,43
BRDA:199,11,1,43
BRDA:222,12,0,43
BRDA:222,12,1,43
BRDA:224,13,0,43
BRDA:224,13,1,43
BRF:26
BRH:17
end_of_record
TN:
SF:/Users/tommy/alexa-plex/lib/plexutils.js
FN:6,query
FN:8,(anonymous_2)
FN:14,postQuery
FN:16,(anonymous_4)
FN:22,perform
FN:24,(anonymous_6)
FN:30,find
FN:32,(anonymous_8)
FN:42,(anonymous_9)
FN:43,(anonymous_10)
FN:44,(anonymous_11)
FN:55,(anonymous_12)
FN:56,(anonymous_13)
FN:57,(anonymous_14)
FN:70,(anonymous_15)
FN:86,(anonymous_16)
FN:90,(anonymous_17)
FN:108,(anonymous_18)
FN:120,(anonymous_19)
FN:135,(anonymous_20)
FN:140,(anonymous_21)
FN:213,(anonymous_22)
FN:223,(anonymous_23)
FN:227,(anonymous_24)
FN:234,(anonymous_25)
FN:254,(anonymous_26)
FN:258,(anonymous_27)
FN:262,(anonymous_28)
FN:263,(anonymous_29)
FN:268,(anonymous_30)
FN:269,(anonymous_31)
FN:281,(anonymous_32)
FN:288,(anonymous_33)
FN:294,(anonymous_34)
FN:301,(anonymous_35)
FN:310,(anonymous_36)
FN:337,(anonymous_37)
FN:351,(anonymous_38)
FN:352,(anonymous_39)
FNF:39
FNH:28
FNDA:37,query
FNDA:32,(anonymous_2)
FNDA:0,postQuery
FNDA:0,(anonymous_4)
FNDA:16,perform
FNDA:14,(anonymous_6)
FNDA:0,find
FNDA:0,(anonymous_8)
FNDA:0,(anonymous_9)
FNDA:0,(anonymous_10)
FNDA:0,(anonymous_11)
FNDA:0,(anonymous_12)
FNDA:0,(anonymous_13)
FNDA:0,(anonymous_14)
FNDA:3,(anonymous_15)
FNDA:0,(anonymous_16)
FNDA:21,(anonymous_17)
FNDA:17,(anonymous_18)
FNDA:13,(anonymous_19)
FNDA:85,(anonymous_20)
FNDA:35,(anonymous_21)
FNDA:4,(anonymous_22)
FNDA:21,(anonymous_23)
FNDA:13,(anonymous_24)
FNDA:16,(anonymous_25)
FNDA:16,(anonymous_26)
FNDA:16,(anonymous_27)
FNDA:8,(anonymous_28)
FNDA:136,(anonymous_29)
FNDA:2,(anonymous_30)
FNDA:106,(anonymous_31)
FNDA:34,(anonymous_32)
FNDA:4,(anonymous_33)
FNDA:53,(anonymous_34)
FNDA:4,(anonymous_35)
FNDA:6,(anonymous_36)
FNDA:2,(anonymous_37)
FNDA:17,(anonymous_38)
FNDA:238,(anonymous_39)
DA:1,1
DA:2,1
DA:3,1
DA:6,1
DA:7,37
DA:8,37
DA:9,32
DA:10,32
DA:14,1
DA:15,0
DA:16,0
DA:17,0
DA:18,0
DA:22,1
DA:23,16
DA:24,16
DA:25,14
DA:26,14
DA:30,1
DA:31,0
DA:32,0
DA:33,0
DA:34,0
DA:42,1
DA:43,0
DA:44,0
DA:45,0
DA:55,1
DA:56,0
DA:57,0
DA:58,0
DA:70,1
DA:71,3
DA:72,3
DA:74,0
DA:86,1
DA:87,0
DA:90,1
DA:91,21
DA:92,0
DA:94,21
DA:95,0
DA:98,21
DA:99,21
DA:100,21
DA:101,21
DA:102,21
DA:103,21
DA:105,21
DA:106,21
DA:108,21
DA:109,17
DA:110,17
DA:111,17
DA:113,17
DA:115,4
DA:116,4
DA:117,4
DA:120,13
DA:121,13
DA:122,13
DA:124,13
DA:127,5
DA:129,1
DA:130,1
DA:131,4
DA:132,1
DA:135,85
DA:136,5
DA:137,1
DA:138,1
DA:140,35
DA:142,4
DA:143,1
DA:144,1
DA:146,3
DA:148,8
DA:149,6
DA:151,6
DA:152,4
DA:153,1
DA:154,1
DA:156,3
DA:162,11
DA:164,4
DA:166,4
DA:169,1
DA:170,1
DA:171,1
DA:182,1
DA:183,1
DA:186,3
DA:187,3
DA:190,10
DA:192,10
DA:193,9
DA:194,9
DA:200,1
DA:201,1
DA:209,1
DA:210,1
DA:214,4
DA:223,1
DA:224,21
DA:227,1
DA:228,13
DA:229,13
DA:231,13
DA:234,1
DA:235,16
DA:236,16
DA:238,16
DA:239,16
DA:240,16
DA:242,16
DA:251,16
DA:254,1
DA:255,16
DA:258,1
DA:259,16
DA:262,1
DA:263,8
DA:264,136
DA:268,1
DA:269,2
DA:270,106
DA:271,72
DA:272,34
DA:273,24
DA:275,10
DA:276,4
DA:278,6
DA:281,2
DA:282,34
DA:285,2
DA:288,1
DA:289,4
DA:290,4
DA:291,1
DA:294,4
DA:295,53
DA:298,4
DA:301,1
DA:302,4
DA:303,4
DA:304,1
DA:307,4
DA:310,1
DA:311,6
DA:313,6
DA:314,102
DA:315,42
DA:318,60
DA:319,4
DA:320,56
DA:325,14
DA:329,6
DA:337,1
DA:338,2
DA:340,2
DA:341,6
DA:342,6
DA:343,0
DA:344,0
DA:348,2
DA:351,1
DA:352,17
DA:353,238
DA:357,1
LF:169
LH:149
BRDA:45,1,0,0
BRDA:45,1,1,0
BRDA:58,2,0,0
BRDA:58,2,1,0
BRDA:71,3,0,3
BRDA:71,3,1,0
BRDA:91,4,0,0
BRDA:91,4,1,21
BRDA:94,5,0,0
BRDA:94,5,1,21
BRDA:100,6,0,21
BRDA:100,6,1,15
BRDA:101,7,0,21
BRDA:101,7,1,18
BRDA:102,8,0,21
BRDA:102,8,1,16
BRDA:103,9,0,21
BRDA:103,9,1,18
BRDA:113,10,0,4
BRDA:113,10,1,13
BRDA:124,11,0,5
BRDA:124,11,1,8
BRDA:124,12,0,13
BRDA:124,12,1,8
BRDA:127,13,0,1
BRDA:127,13,1,4
BRDA:127,14,0,5
BRDA:127,14,1,2
BRDA:131,15,0,1
BRDA:131,15,1,3
BRDA:136,16,0,1
BRDA:136,16,1,4
BRDA:142,17,0,1
BRDA:142,17,1,3
BRDA:148,18,0,6
BRDA:148,18,1,2
BRDA:151,19,0,4
BRDA:151,19,1,2
BRDA:152,20,0,1
BRDA:152,20,1,3
BRDA:162,21,0,4
BRDA:162,21,1,7
BRDA:166,22,0,1
BRDA:166,22,1,3
BRDA:192,23,0,9
BRDA:192,23,1,1
BRDA:228,24,0,13
BRDA:228,24,1,0
BRDA:236,25,0,16
BRDA:236,25,1,12
BRDA:270,26,0,72
BRDA:270,26,1,34
BRDA:270,27,0,106
BRDA:270,27,1,96
BRDA:272,28,0,24
BRDA:272,28,1,10
BRDA:275,29,0,4
BRDA:275,29,1,6
BRDA:290,30,0,1
BRDA:290,30,1,3
BRDA:303,31,0,1
BRDA:303,31,1,3
BRDA:314,32,0,42
BRDA:314,32,1,60
BRDA:318,33,0,4
BRDA:318,33,1,56
BRDA:320,34,0,14
BRDA:320,34,1,42
BRDA:320,35,0,56
BRDA:320,35,1,56
BRDA:320,35,2,55
BRDA:320,35,3,28
BRDA:340,36,0,8
BRDA:340,36,1,7
BRDA:341,37,0,6
BRDA:341,37,1,0
BRDA:343,38,0,0
BRDA:343,38,1,0
BRF:78
BRH:67
end_of_record
TN:
SF:/Users/tommy/alexa-plex/lib/utils.js
FN:3,(anonymous_1)
FN:33,(anonymous_2)
FN:62,(anonymous_3)
FNF:3
FNH:3
FNDA:17,(anonymous_1)
FNDA:1,(anonymous_2)
FNDA:4,(anonymous_3)
DA:1,1
DA:3,1
DA:4,17
DA:6,17
DA:7,17
DA:8,238
DA:9,238
DA:10,238
DA:13,238
DA:17,238
DA:18,17
DA:19,17
DA:23,17
DA:24,4
DA:26,13
DA:33,1
DA:34,1
DA:35,1
DA:36,6
DA:37,6
DA:38,6
DA:41,6
DA:42,1
DA:43,5
DA:44,4
DA:46,1
DA:47,1
DA:49,1
DA:53,1
DA:62,1
DA:63,4
LF:31
LH:31
BRDA:9,1,0,238
BRDA:9,1,1,0
BRDA:17,2,0,17
BRDA:17,2,1,221
BRDA:17,3,0,238
BRDA:17,3,1,72
BRDA:23,4,0,4
BRDA:23,4,1,13
BRDA:37,5,0,6
BRDA:37,5,1,0
BRDA:41,6,0,1
BRDA:41,6,1,5
BRDA:43,7,0,4
BRDA:43,7,1,1
BRDA:46,8,0,1
BRDA:46,8,1,0
BRF:16
BRH:13
end_of_record
TN:
SF:/Users/tommy/alexa-plex/lib/db.js
FN:10,initializeUserRecord
FN:19,(anonymous_2)
FN:30,(anonymous_3)
FN:46,updatePin
FN:65,(anonymous_5)
FN:81,updateAuthToken
FN:100,(anonymous_7)
FN:115,updateUserServer
FN:134,(anonymous_9)
FN:149,updateUserPlayer
FN:168,(anonymous_11)
FN:183,updateUserLibraries
FN:202,(anonymous_13)
FNF:13
FNH:3
FNDA:44,initializeUserRecord
FNDA:44,(anonymous_2)
FNDA:1,(anonymous_3)
FNDA:0,updatePin
FNDA:0,(anonymous_5)
FNDA:0,updateAuthToken
FNDA:0,(anonymous_7)
FNDA:0,updateUserServer
FNDA:0,(anonymous_9)
FNDA:0,updateUserPlayer
FNDA:0,(anonymous_11)
FNDA:0,updateUserLibraries
FNDA:0,(anonymous_13)
DA:1,1
DA:2,1
DA:3,1
DA:8,1
DA:10,1
DA:11,44
DA:12,44
DA:14,44
DA:19,44
DA:20,44
DA:21,0
DA:24,44
DA:26,1
DA:30,1
DA:31,1
DA:32,0
DA:35,1
DA:40,43
DA:43,44
DA:46,1
DA:47,0
DA:48,0
DA:50,0
DA:51,0
DA:52,0
DA:55,0
DA:65,0
DA:66,0
DA:67,0
DA:70,0
DA:71,0
DA:74,0
DA:77,0
DA:81,1
DA:82,0
DA:83,0
DA:85,0
DA:86,0
DA:87,0
DA:90,0
DA:100,0
DA:101,0
DA:102,0
DA:105,0
DA:106,0
DA:109,0
DA:112,0
DA:115,1
DA:116,0
DA:117,0
DA:119,0
DA:120,0
DA:121,0
DA:124,0
DA:134,0
DA:135,0
DA:136,0
DA:139,0
DA:140,0
DA:143,0
DA:146,0
DA:149,1
DA:150,0
DA:151,0
DA:153,0
DA:154,0
DA:155,0
DA:158,0
DA:168,0
DA:169,0
DA:170,0
DA:173,0
DA:174,0
DA:177,0
DA:180,0
DA:183,1
DA:184,0
DA:185,0
DA:187,0
DA:188,0
DA:189,0
DA:192,0
DA:202,0
DA:203,0
DA:204,0
DA:207,0
DA:208,0
DA:211,0
DA:214,0
DA:217,1
DA:218,1
DA:219,1
DA:220,1
DA:221,1
DA:222,1
LF:95
LH:28
BRDA:4,1,0,1
BRDA:4,1,1,1
BRDA:5,2,0,1
BRDA:5,2,1,0
BRDA:20,3,0,0
BRDA:20,3,1,44
BRDA:24,4,0,1
BRDA:24,4,1,43
BRDA:31,5,0,0
BRDA:31,5,1,1
BRDA:51,6,0,0
BRDA:51,6,1,0
BRDA:66,7,0,0
BRDA:66,7,1,0
BRDA:70,8,0,0
BRDA:70,8,1,0
BRDA:86,9,0,0
BRDA:86,9,1,0
BRDA:101,10,0,0
BRDA:101,10,1,0
BRDA:105,11,0,0
BRDA:105,11,1,0
BRDA:120,12,0,0
BRDA:120,12,1,0
BRDA:135,13,0,0
BRDA:135,13,1,0
BRDA:139,14,0,0
BRDA:139,14,1,0
BRDA:154,15,0,0
BRDA:154,15,1,0
BRDA:169,16,0,0
BRDA:169,16,1,0
BRDA:173,17,0,0
BRDA:173,17,1,0
BRDA:188,18,0,0
BRDA:188,18,1,0
BRDA:203,19,0,0
BRDA:203,19,1,0
BRDA:207,20,0,0
BRDA:207,20,1,0
BRF:40
BRH:7
end_of_record
TN:
SF:/Users/tommy/alexa-plex/lib/statemachine.js
FN:8,(anonymous_1)
FN:21,(anonymous_2)
FN:32,runSetup
FN:40,appPre
FN:50,appError
FNF:5
FNH:5
FNDA:44,(anonymous_1)
FNDA:609,(anonymous_2)
FNDA:44,runSetup
FNDA:44,appPre
FNDA:7,appError
DA:1,1
DA:3,1
DA:8,1
DA:9,44
DA:10,0
DA:15,44
DA:16,44
DA:19,44
DA:21,44
DA:22,609
DA:25,44
DA:26,44
DA:29,44
DA:32,1
DA:33,44
DA:34,44
DA:36,0
DA:40,1
DA:41,44
DA:42,44
DA:44,1
DA:45,1
DA:50,1
DA:51,7
DA:52,7
DA:54,7
DA:60,1
LF:27
LH:25
BRDA:9,1,0,0
BRDA:9,1,1,44
BRDA:25,2,0,44
BRDA:25,2,1,0
BRDA:33,3,0,44
BRDA:33,3,1,0
BRDA:41,4,0,44
BRDA:41,4,1,0
BRDA:42,5,0,1
BRDA:42,5,1,43
BRF:10
BRH:6
end_of_record
TN:
SF:/Users/tommy/alexa-plex/lib/states/authed.js
FN:8,(anonymous_1)
FN:13,(anonymous_2)
FN:18,(anonymous_3)
FN:23,(anonymous_4)
FN:25,(anonymous_5)
FN:34,(anonymous_6)
FN:41,(anonymous_7)
FN:45,(anonymous_8)
FN:56,(anonymous_9)
FN:63,(anonymous_10)
FN:76,(anonymous_11)
FN:78,(anonymous_12)
FN:85,(anonymous_13)
FN:99,(anonymous_14)
FN:101,(anonymous_15)
FN:108,(anonymous_16)
FN:126,(anonymous_17)
FN:128,(anonymous_18)
FN:135,(anonymous_19)
FN:151,(anonymous_20)
FN:153,(anonymous_21)
FN:160,(anonymous_22)
FN:174,(anonymous_23)
FN:176,(anonymous_24)
FN:190,(anonymous_25)
FN:206,(anonymous_26)
FN:208,(anonymous_27)
FNF:27
FNH:23
FNDA:43,(anonymous_1)
FNDA:1,(anonymous_2)
FNDA:0,(anonymous_3)
FNDA:0,(anonymous_4)
FNDA:0,(anonymous_5)
FNDA:0,(anonymous_6)
FNDA:3,(anonymous_7)
FNDA:2,(anonymous_8)
FNDA:1,(anonymous_9)
FNDA:9,(anonymous_10)
FNDA:7,(anonymous_11)
FNDA:1,(anonymous_12)
FNDA:4,(anonymous_13)
FNDA:2,(anonymous_14)
FNDA:1,(anonymous_15)
FNDA:8,(anonymous_16)
FNDA:6,(anonymous_17)
FNDA:1,(anonymous_18)
FNDA:4,(anonymous_19)
FNDA:2,(anonymous_20)
FNDA:1,(anonymous_21)
FNDA:6,(anonymous_22)
FNDA:2,(anonymous_23)
FNDA:1,(anonymous_24)
FNDA:7,(anonymous_25)
FNDA:3,(anonymous_26)
FNDA:1,(anonymous_27)
DA:5,1
DA:6,1
DA:8,1
DA:10,43
DA:13,1
DA:14,1
DA:15,1
DA:18,1
DA:19,0
DA:20,0
DA:23,1
DA:24,0
DA:25,0
DA:26,0
DA:27,0
DA:31,0
DA:33,0
DA:35,0
DA:38,0
DA:41,1
DA:42,3
DA:43,3
DA:46,2
DA:47,1
DA:50,1
DA:51,1
DA:53,1
DA:57,1
DA:60,3
DA:63,1
DA:64,9
DA:65,9
DA:67,9
DA:69,1
DA:70,1
DA:73,8
DA:77,7
DA:79,1
DA:82,8
DA:85,1
DA:86,4
DA:87,4
DA:89,4
DA:91,1
DA:92,1
DA:95,3
DA:100,2
DA:102,1
DA:105,3
DA:108,1
DA:109,8
DA:111,8
DA:112,8
DA:113,8
DA:115,8
DA:117,1
DA:118,1
DA:121,7
DA:127,6
DA:129,1
DA:132,7
DA:135,1
DA:136,4
DA:138,4
DA:140,4
DA:142,1
DA:143,1
DA:146,3
DA:152,2
DA:154,1
DA:157,3
DA:160,1
DA:161,6
DA:162,6
DA:164,6
DA:165,1
DA:166,1
DA:169,5
DA:170,3
DA:175,2
DA:177,1
DA:179,2
DA:180,1
DA:182,1
DA:183,1
DA:184,1
DA:187,3
DA:190,1
DA:191,7
DA:192,7
DA:194,7
DA:195,1
DA:196,1
DA:199,6
DA:200,1
DA:201,5
DA:202,4
DA:207,3
DA:209,1
DA:212,1
DA:213,1
DA:214,1
DA:217,4
DA:220,1
LF:104
LH:94
BRDA:26,1,0,0
BRDA:26,1,1,0
BRDA:46,2,0,1
BRDA:46,2,1,1
BRDA:67,3,0,1
BRDA:67,3,1,8
BRDA:89,4,0,1
BRDA:89,4,1,3
BRDA:115,5,0,1
BRDA:115,5,1,7
BRDA:140,6,0,1
BRDA:140,6,1,3
BRDA:164,7,0,1
BRDA:164,7,1,5
BRDA:169,8,0,3
BRDA:169,8,1,2
BRDA:173,9,0,3
BRDA:173,9,1,2
BRDA:179,10,0,1
BRDA:179,10,1,1
BRDA:194,11,0,1
BRDA:194,11,1,6
BRDA:199,12,0,1
BRDA:199,12,1,5
BRDA:201,13,0,4
BRDA:201,13,1,1
BRDA:205,14,0,4
BRDA:205,14,1,2
BRF:28
BRH:26
end_of_record
TN:
SF:/Users/tommy/alexa-plex/lib/states/common-intents.js
FN:6,(anonymous_1)
FNF:1
FNH:0
FNDA:0,(anonymous_1)
DA:6,1
DA:7,0
DA:10,1
LF:3
LH:2
BRF:0
BRH:0
end_of_record
TN:
SF:/Users/tommy/alexa-plex/lib/states/not-authed.js
FN:19,generateSpokenPin
FN:20,(anonymous_2)
FN:25,(anonymous_3)
FN:29,(anonymous_4)
FN:44,(anonymous_5)
FN:45,(anonymous_6)
FN:46,(anonymous_7)
FN:58,(anonymous_8)
FN:63,(anonymous_9)
FN:64,(anonymous_10)
FN:65,(anonymous_11)
FN:75,(anonymous_12)
FN:80,(anonymous_13)
FN:92,(anonymous_14)
FN:96,(anonymous_15)
FN:102,(anonymous_16)
FN:103,(anonymous_17)
FN:110,(anonymous_18)
FNF:18
FNH:2
FNDA:0,generateSpokenPin
FNDA:0,(anonymous_2)
FNDA:1,(anonymous_3)
FNDA:1,(anonymous_4)
FNDA:0,(anonymous_5)
FNDA:0,(anonymous_6)
FNDA:0,(anonymous_7)
FNDA:0,(anonymous_8)
FNDA:0,(anonymous_9)
FNDA:0,(anonymous_10)
FNDA:0,(anonymous_11)
FNDA:0,(anonymous_12)
FNDA:0,(anonymous_13)
FNDA:0,(anonymous_14)
FNDA:0,(anonymous_15)
FNDA:0,(anonymous_16)
FNDA:0,(anonymous_17)
FNDA:0,(anonymous_18)
DA:5,1
DA:6,1
DA:7,1
DA:9,1
DA:19,1
DA:20,0
DA:21,0
DA:25,1
DA:26,1
DA:29,1
DA:30,1
DA:32,1
DA:34,0
DA:36,1
DA:41,1
DA:44,1
DA:45,0
DA:46,0
DA:47,0
DA:49,0
DA:52,0
DA:54,0
DA:55,0
DA:56,0
DA:59,0
DA:63,1
DA:64,0
DA:65,0
DA:66,0
DA:68,0
DA:70,0
DA:72,0
DA:73,0
DA:76,0
DA:80,1
DA:81,0
DA:82,0
DA:84,0
DA:86,0
DA:87,0
DA:88,0
DA:89,0
DA:92,1
DA:93,0
DA:95,0
DA:96,0
DA:97,0
DA:98,0
DA:99,0
DA:101,0
DA:102,0
DA:103,0
DA:104,0
DA:108,0
DA:111,0
DA:113,0
DA:114,0
DA:115,0
DA:116,0
DA:120,0
DA:123,0
DA:126,1
LF:62
LH:17
BRDA:32,1,0,0
BRDA:32,1,1,1
BRDA:95,2,0,0
BRDA:95,2,1,0
BRDA:97,3,0,0
BRDA:97,3,1,0
BRDA:101,4,0,0
BRDA:101,4,1,0
BRDA:113,5,0,0
BRDA:113,5,1,0
BRDA:115,6,0,0
BRDA:115,6,1,0
BRF:12
BRH:1
end_of_record
